#
# A fatal error has been detected by the Java Runtime Environment:
#
#  EXCEPTION_ACCESS_VIOLATION (0xc0000005) at pc=0x14793f85, pid=5600, tid=0x00001174
#
# JRE version: Java(TM) SE Runtime Environment (8.0_101-b13) (build 1.8.0_101-b13)
# Java VM: Java HotSpot(TM) Client VM (25.101-b13 mixed mode windows-x86 )
# Problematic frame:
# C  [rxtxSerial.dll+0x3f85]
#
# Failed to write core dump. Minidumps are not enabled by default on client versions of Windows
#
# If you would like to submit a bug report, please visit:
#   http://bugreport.java.com/bugreport/crash.jsp
# The crash happened outside the Java Virtual Machine in native code.
# See problematic frame for where to report the bug.
#

---------------  T H R E A D  ---------------

Current thread (0x14f6a400):  JavaThread "Thread-4" [_thread_in_native, id=4468, stack(0x16820000,0x16870000)]

siginfo: ExceptionCode=0xc0000005, writing address 0x167ff168

Registers:
EAX=0x00000001, EBX=0x00000001, ECX=0x7ffab000, EDX=0x00000000
ESP=0x1686f7d8, EBP=0xffffffff, ESI=0x00000000, EDI=0x167ff160
EIP=0x14793f85, EFLAGS=0x00010297

Top of Stack: (sp=0x1686f7d8)
0x1686f7d8:   1686f848 14f6a540 1686f858 00000001
0x1686f7e8:   00000001 00000002 00000000 147940b3
0x1686f7f8:   14f6a540 1686f844 00000001 1686f840
0x1686f808:   00000001 ffffffff 14f6a540 1686f848
0x1686f818:   147a8af0 147a8aec 14f6a540 1686f848
0x1686f828:   147a8ae8 147a8ae4 14f6a400 0991e510
0x1686f838:   00000000 01f482d3 14f6a540 1686f848
0x1686f848:   0991e510 1686fa00 01f6a6b7 00000000 

Instructions: (pc=0x14793f85)
0x14793f65:   c6 5e 5d 5b 83 c4 0c c3 e8 19 4d 00 00 83 38 04
0x14793f75:   74 1c e8 0f 4d 00 00 83 38 0b 74 12 8b 44 24 10
0x14793f85:   89 47 08 5f 5e 5d 83 c8 ff 5b 83 c4 0c c3 8b 4c
0x14793f95:   24 10 89 4f 08 5f 5e 5d 83 c8 ff 5b 83 c4 0c c3 


Register to memory mapping:

EAX=0x00000001 is an unknown value
EBX=0x00000001 is an unknown value
ECX=0x7ffab000 is an unknown value
EDX=0x00000000 is an unknown value
ESP=0x1686f7d8 is pointing into the stack for thread: 0x14f6a400
EBP=0xffffffff is an unknown value
ESI=0x00000000 is an unknown value
EDI=0x167ff160 is an unknown value


Stack: [0x16820000,0x16870000],  sp=0x1686f7d8,  free space=317k
Native frames: (J=compiled Java code, j=interpreted, Vv=VM code, C=native code)
C  [rxtxSerial.dll+0x3f85]

Java frames: (J=compiled Java code, j=interpreted, Vv=VM code)
J 1269  gnu.io.RXTXPort.readByte()I (0 bytes) @ 0x01f4828f [0x01f48250+0x3f]
J 1362 C1 gnu.io.RXTXPort$SerialInputStream.read()I (167 bytes) @ 0x01f6a824 [0x01f6a5b0+0x274]
J 1400 C1 panamahitek.Arduino.PanamaHitek_Arduino.receiveData()I (133 bytes) @ 0x01f77c4e [0x01f77ba0+0xae]
J 1399 C1 panamahitek.Arduino.PanamaHitek_Arduino.serialRead()V (83 bytes) @ 0x01f770f5 [0x01f770c0+0x35]
J 1397 C1 panamahitek.Arduino.PanamaHitek_Arduino.printMessage()Ljava/lang/String; (40 bytes) @ 0x01f76be6 [0x01f76ba0+0x46]
J 1270 C1 com.app.modelo.arduino.ComunicacionArduino.leerMensaje()Ljava/lang/String; (25 bytes) @ 0x01f48514 [0x01f484e0+0x34]
j  com.app.controlador.muestreo.MostrarComunicacion.run()V+215
v  ~StubRoutines::call_stub

---------------  P R O C E S S  ---------------

Java Threads: ( => current thread )
=>0x14f6a400 JavaThread "Thread-4" [_thread_in_native, id=4468, stack(0x16820000,0x16870000)]
  0x15190c00 JavaThread "TimerQueue" daemon [_thread_blocked, id=2936, stack(0x19650000,0x196a0000)]
  0x15048400 JavaThread "Abandoned connection cleanup thread" daemon [_thread_blocked, id=1560, stack(0x17fe0000,0x18030000)]
  0x1501a800 JavaThread "D3D Screen Updater" daemon [_thread_blocked, id=5124, stack(0x17350000,0x173a0000)]
  0x00c84400 JavaThread "DestroyJavaVM" [_thread_blocked, id=4968, stack(0x00940000,0x00990000)]
  0x14e64800 JavaThread "AWT-EventQueue-0" [_thread_blocked, id=6100, stack(0x03db0000,0x03e00000)]
  0x00fbc000 JavaThread "AWT-Windows" daemon [_thread_in_native, id=5184, stack(0x14840000,0x14890000)]
  0x00fbb400 JavaThread "AWT-Shutdown" [_thread_blocked, id=4080, stack(0x144c0000,0x14510000)]
  0x00fb8c00 JavaThread "Java2D Disposer" daemon [_thread_blocked, id=3524, stack(0x147b0000,0x14800000)]
  0x00e72000 JavaThread "Service Thread" daemon [_thread_blocked, id=1128, stack(0x14460000,0x144b0000)]
  0x00e51800 JavaThread "C1 CompilerThread0" daemon [_thread_blocked, id=3468, stack(0x145f0000,0x14640000)]
  0x00e61400 JavaThread "Attach Listener" daemon [_thread_blocked, id=5576, stack(0x14570000,0x145c0000)]
  0x00e5e400 JavaThread "Signal Dispatcher" daemon [_thread_blocked, id=6048, stack(0x14510000,0x14560000)]
  0x00e3f400 JavaThread "Finalizer" daemon [_thread_blocked, id=4600, stack(0x14260000,0x142b0000)]
  0x00e19800 JavaThread "Reference Handler" daemon [_thread_blocked, id=3764, stack(0x03d30000,0x03d80000)]

Other Threads:
  0x00e13400 VMThread [stack: 0x03ce0000,0x03d30000] [id=5408]
  0x00e5c000 WatcherThread [stack: 0x14660000,0x146b0000] [id=1040]

VM state:not at safepoint (normal execution)

VM Mutex/Monitor currently owned by a thread: None

Heap:
 def new generation   total 4928K, used 3026K [0x03e00000, 0x04350000, 0x09350000)
  eden space 4416K,  66% used [0x03e00000, 0x040dbab0, 0x04250000)
  from space 512K,  19% used [0x042d0000, 0x042e9020, 0x04350000)
  to   space 512K,   0% used [0x04250000, 0x04250000, 0x042d0000)
 tenured generation   total 10944K, used 8564K [0x09350000, 0x09e00000, 0x13e00000)
   the space 10944K,  78% used [0x09350000, 0x09bad260, 0x09bad400, 0x09e00000)
 Metaspace       used 11530K, capacity 11742K, committed 11776K, reserved 12672K

Card table byte_map: [0x00d80000,0x00e10000] byte_map_base: 0x00d61000

Polling page: 0x00470000

CodeCache: size=32768Kb used=2864Kb max_used=2864Kb free=29903Kb
 bounds [0x01cc0000, 0x01f90000, 0x03cc0000]
 total_blobs=1736 nmethods=1435 adapters=231
 compilation: enabled

Compilation events (10 events):
Event: 79.019 Thread 0x00e51800 1437             javax.swing.text.AbstractDocument::getProperty (9 bytes)
Event: 79.020 Thread 0x00e51800 nmethod 1437 0x01f8a948 code [0x01f8aa70, 0x01f8ab94]
Event: 79.630 Thread 0x00e51800 1438  s          java.util.Vector::addElement (38 bytes)
Event: 79.630 Thread 0x00e51800 nmethod 1438 0x01f8ac88 code [0x01f8ada0, 0x01f8b02c]
Event: 82.301 Thread 0x00e51800 1439   !         java.awt.EventQueue::isDispatchThreadImpl (99 bytes)
Event: 82.301 Thread 0x00e51800 nmethod 1439 0x01f8b1c8 code [0x01f8b310, 0x01f8b4c4]
Event: 82.318 Thread 0x00e51800 1440             java.awt.geom.Point2D$Float::<init> (15 bytes)
Event: 82.318 Thread 0x00e51800 nmethod 1440 0x01f8b6c8 code [0x01f8b7c0, 0x01f8b840]
Event: 82.321 Thread 0x00e51800 1441             javax.swing.plaf.synth.SynthStyle::getColor (215 bytes)
Event: 82.322 Thread 0x00e51800 nmethod 1441 0x01f8b888 code [0x01f8ba50, 0x01f8bf90]

GC Heap History (10 events):
Event: 31.453 GC heap before
{Heap before GC invocations=14 (full 0):
 def new generation   total 4928K, used 4506K [0x03e00000, 0x04350000, 0x09350000)
  eden space 4416K,  99% used [0x03e00000, 0x0424fac0, 0x04250000)
  from space 512K,  17% used [0x04250000, 0x04266fd0, 0x042d0000)
  to   space 512K,   0% used [0x042d0000, 0x042d0000, 0x04350000)
 tenured generation   total 10944K, used 8564K [0x09350000, 0x09e00000, 0x13e00000)
   the space 10944K,  78% used [0x09350000, 0x09bad260, 0x09bad400, 0x09e00000)
 Metaspace       used 11528K, capacity 11742K, committed 11776K, reserved 12672K
Event: 31.455 GC heap after
Heap after GC invocations=15 (full 0):
 def new generation   total 4928K, used 97K [0x03e00000, 0x04350000, 0x09350000)
  eden space 4416K,   0% used [0x03e00000, 0x03e00000, 0x04250000)
  from space 512K,  19% used [0x042d0000, 0x042e85c8, 0x04350000)
  to   space 512K,   0% used [0x04250000, 0x04250000, 0x042d0000)
 tenured generation   total 10944K, used 8564K [0x09350000, 0x09e00000, 0x13e00000)
   the space 10944K,  78% used [0x09350000, 0x09bad260, 0x09bad400, 0x09e00000)
 Metaspace       used 11528K, capacity 11742K, committed 11776K, reserved 12672K
}
Event: 33.461 GC heap before
{Heap before GC invocations=15 (full 0):
 def new generation   total 4928K, used 4513K [0x03e00000, 0x04350000, 0x09350000)
  eden space 4416K, 100% used [0x03e00000, 0x04250000, 0x04250000)
  from space 512K,  19% used [0x042d0000, 0x042e85c8, 0x04350000)
  to   space 512K,   0% used [0x04250000, 0x04250000, 0x042d0000)
 tenured generation   total 10944K, used 8564K [0x09350000, 0x09e00000, 0x13e00000)
   the space 10944K,  78% used [0x09350000, 0x09bad260, 0x09bad400, 0x09e00000)
 Metaspace       used 11528K, capacity 11742K, committed 11776K, reserved 12672K
Event: 33.463 GC heap after
Heap after GC invocations=16 (full 0):
 def new generation   total 4928K, used 96K [0x03e00000, 0x04350000, 0x09350000)
  eden space 4416K,   0% used [0x03e00000, 0x03e00000, 0x04250000)
  from space 512K,  18% used [0x04250000, 0x04268388, 0x042d0000)
  to   space 512K,   0% used [0x042d0000, 0x042d0000, 0x04350000)
 tenured generation   total 10944K, used 8564K [0x09350000, 0x09e00000, 0x13e00000)
   the space 10944K,  78% used [0x09350000, 0x09bad260, 0x09bad400, 0x09e00000)
 Metaspace       used 11528K, capacity 11742K, committed 11776K, reserved 12672K
}
Event: 35.484 GC heap before
{Heap before GC invocations=16 (full 0):
 def new generation   total 4928K, used 4512K [0x03e00000, 0x04350000, 0x09350000)
  eden space 4416K, 100% used [0x03e00000, 0x04250000, 0x04250000)
  from space 512K,  18% used [0x04250000, 0x04268388, 0x042d0000)
  to   space 512K,   0% used [0x042d0000, 0x042d0000, 0x04350000)
 tenured generation   total 10944K, used 8564K [0x09350000, 0x09e00000, 0x13e00000)
   the space 10944K,  78% used [0x09350000, 0x09bad260, 0x09bad400, 0x09e00000)
 Metaspace       used 11528K, capacity 11742K, committed 11776K, reserved 12672K
Event: 35.486 GC heap after
Heap after GC invocations=17 (full 0):
 def new generation   total 4928K, used 96K [0x03e00000, 0x04350000, 0x09350000)
  eden space 4416K,   0% used [0x03e00000, 0x03e00000, 0x04250000)
  from space 512K,  18% used [0x042d0000, 0x042e80e0, 0x04350000)
  to   space 512K,   0% used [0x04250000, 0x04250000, 0x042d0000)
 tenured generation   total 10944K, used 8564K [0x09350000, 0x09e00000, 0x13e00000)
   the space 10944K,  78% used [0x09350000, 0x09bad260, 0x09bad400, 0x09e00000)
 Metaspace       used 11528K, capacity 11742K, committed 11776K, reserved 12672K
}
Event: 37.659 GC heap before
{Heap before GC invocations=17 (full 0):
 def new generation   total 4928K, used 4512K [0x03e00000, 0x04350000, 0x09350000)
  eden space 4416K, 100% used [0x03e00000, 0x04250000, 0x04250000)
  from space 512K,  18% used [0x042d0000, 0x042e80e0, 0x04350000)
  to   space 512K,   0% used [0x04250000, 0x04250000, 0x042d0000)
 tenured generation   total 10944K, used 8564K [0x09350000, 0x09e00000, 0x13e00000)
   the space 10944K,  78% used [0x09350000, 0x09bad260, 0x09bad400, 0x09e00000)
 Metaspace       used 11528K, capacity 11742K, committed 11776K, reserved 12672K
Event: 37.661 GC heap after
Heap after GC invocations=18 (full 0):
 def new generation   total 4928K, used 94K [0x03e00000, 0x04350000, 0x09350000)
  eden space 4416K,   0% used [0x03e00000, 0x03e00000, 0x04250000)
  from space 512K,  18% used [0x04250000, 0x04267b58, 0x042d0000)
  to   space 512K,   0% used [0x042d0000, 0x042d0000, 0x04350000)
 tenured generation   total 10944K, used 8564K [0x09350000, 0x09e00000, 0x13e00000)
   the space 10944K,  78% used [0x09350000, 0x09bad260, 0x09bad400, 0x09e00000)
 Metaspace       used 11528K, capacity 11742K, committed 11776K, reserved 12672K
}
Event: 39.666 GC heap before
{Heap before GC invocations=18 (full 0):
 def new generation   total 4928K, used 4510K [0x03e00000, 0x04350000, 0x09350000)
  eden space 4416K, 100% used [0x03e00000, 0x04250000, 0x04250000)
  from space 512K,  18% used [0x04250000, 0x04267b58, 0x042d0000)
  to   space 512K,   0% used [0x042d0000, 0x042d0000, 0x04350000)
 tenured generation   total 10944K, used 8564K [0x09350000, 0x09e00000, 0x13e00000)
   the space 10944K,  78% used [0x09350000, 0x09bad260, 0x09bad400, 0x09e00000)
 Metaspace       used 11528K, capacity 11742K, committed 11776K, reserved 12672K
Event: 39.669 GC heap after
Heap after GC invocations=19 (full 0):
 def new generation   total 4928K, used 100K [0x03e00000, 0x04350000, 0x09350000)
  eden space 4416K,   0% used [0x03e00000, 0x03e00000, 0x04250000)
  from space 512K,  19% used [0x042d0000, 0x042e9020, 0x04350000)
  to   space 512K,   0% used [0x04250000, 0x04250000, 0x042d0000)
 tenured generation   total 10944K, used 8564K [0x09350000, 0x09e00000, 0x13e00000)
   the space 10944K,  78% used [0x09350000, 0x09bad260, 0x09bad400, 0x09e00000)
 Metaspace       used 11528K, capacity 11742K, committed 11776K, reserved 12672K
}

Deoptimization events (0 events):
No events

Internal exceptions (10 events):
Event: 0.421 Thread 0x00c84400 Exception <a 'java/lang/ClassNotFoundException': TreeCell> (0x040b18f8) thrown at [C:\re\workspace\8-2-build-windows-i586-cygwin\jdk8u101\7261\hotspot\src\share\vm\classfile\systemDictionary.cpp, line 210]
Event: 0.422 Thread 0x00c84400 Exception <a 'java/lang/ClassNotFoundException': RootPane> (0x040b2270) thrown at [C:\re\workspace\8-2-build-windows-i586-cygwin\jdk8u101\7261\hotspot\src\share\vm\classfile\systemDictionary.cpp, line 210]
Event: 8.333 Thread 0x14e64800 Exception <a 'java/io/FileNotFoundException'> (0x041660c0) thrown at [C:\re\workspace\8-2-build-windows-i586-cygwin\jdk8u101\7261\hotspot\src\share\vm\prims\jni.cpp, line 709]
Event: 8.432 Thread 0x14e64800 Exception <a 'java/io/FileNotFoundException'> (0x04178460) thrown at [C:\re\workspace\8-2-build-windows-i586-cygwin\jdk8u101\7261\hotspot\src\share\vm\prims\jni.cpp, line 709]
Event: 8.443 Thread 0x14e64800 Exception <a 'java/io/FileNotFoundException'> (0x04185788) thrown at [C:\re\workspace\8-2-build-windows-i586-cygwin\jdk8u101\7261\hotspot\src\share\vm\prims\jni.cpp, line 709]
Event: 8.531 Thread 0x14e64800 Exception <a 'java/io/FileNotFoundException'> (0x04197640) thrown at [C:\re\workspace\8-2-build-windows-i586-cygwin\jdk8u101\7261\hotspot\src\share\vm\prims\jni.cpp, line 709]
Event: 8.545 Thread 0x14e64800 Exception <a 'java/io/FileNotFoundException'> (0x041a6398) thrown at [C:\re\workspace\8-2-build-windows-i586-cygwin\jdk8u101\7261\hotspot\src\share\vm\prims\jni.cpp, line 709]
Event: 8.644 Thread 0x14e64800 Exception <a 'java/io/FileNotFoundException'> (0x041b8240) thrown at [C:\re\workspace\8-2-build-windows-i586-cygwin\jdk8u101\7261\hotspot\src\share\vm\prims\jni.cpp, line 709]
Event: 11.664 Thread 0x14e64800 Exception <a 'java/io/FileNotFoundException'> (0x03ef2170) thrown at [C:\re\workspace\8-2-build-windows-i586-cygwin\jdk8u101\7261\hotspot\src\share\vm\prims\jni.cpp, line 709]
Event: 11.751 Thread 0x14e64800 Exception <a 'java/io/FileNotFoundException'> (0x03f04020) thrown at [C:\re\workspace\8-2-build-windows-i586-cygwin\jdk8u101\7261\hotspot\src\share\vm\prims\jni.cpp, line 709]

Events (10 events):
Event: 40.456 Executing VM operation: RevokeBias done
Event: 40.456 Executing VM operation: RevokeBias
Event: 40.456 Executing VM operation: RevokeBias done
Event: 40.456 Executing VM operation: RevokeBias
Event: 40.456 Executing VM operation: RevokeBias done
Event: 40.456 Executing VM operation: RevokeBias
Event: 40.456 Executing VM operation: RevokeBias done
Event: 57.923 loading class gnu/io/SerialPortEvent
Event: 57.923 loading class gnu/io/SerialPortEvent done
Event: 82.293 Thread 0x00e91000 Thread exited: 0x00e91000


Dynamic libraries:
0x01080000 - 0x010b3000 	C:\Program Files\Java\jdk1.8.0_101\bin\java.exe
0x77240000 - 0x77382000 	C:\Windows\SYSTEM32\ntdll.dll
0x76ea0000 - 0x76f75000 	C:\Windows\system32\kernel32.dll
0x75200000 - 0x7524b000 	C:\Windows\system32\KERNELBASE.dll
0x758b0000 - 0x75951000 	C:\Windows\system32\ADVAPI32.dll
0x75800000 - 0x758ac000 	C:\Windows\system32\msvcrt.dll
0x76960000 - 0x76979000 	C:\Windows\SYSTEM32\sechost.dll
0x766a0000 - 0x76742000 	C:\Windows\system32\RPCRT4.dll
0x76890000 - 0x76959000 	C:\Windows\system32\USER32.dll
0x76bf0000 - 0x76c3e000 	C:\Windows\system32\GDI32.dll
0x77470000 - 0x7747a000 	C:\Windows\system32\LPK.dll
0x767f0000 - 0x7688d000 	C:\Windows\system32\USP10.dll
0x73f50000 - 0x740ee000 	C:\Windows\WinSxS\x86_microsoft.windows.common-controls_6595b64144ccf1df_6.0.7601.18837_none_41e855142bd5705d\COMCTL32.dll
0x75960000 - 0x759b7000 	C:\Windows\system32\SHLWAPI.dll
0x75680000 - 0x7569f000 	C:\Windows\system32\IMM32.DLL
0x76f80000 - 0x7704c000 	C:\Windows\system32\MSCTF.dll
0x6d5e0000 - 0x6d69f000 	C:\Program Files\Java\jdk1.8.0_101\jre\bin\msvcr100.dll
0x6cf00000 - 0x6d2cc000 	C:\Program Files\Java\jdk1.8.0_101\jre\bin\client\jvm.dll
0x73820000 - 0x73827000 	C:\Windows\system32\WSOCK32.dll
0x76750000 - 0x76785000 	C:\Windows\system32\WS2_32.dll
0x77480000 - 0x77486000 	C:\Windows\system32\NSI.dll
0x733a0000 - 0x733d2000 	C:\Windows\system32\WINMM.dll
0x744c0000 - 0x744c9000 	C:\Windows\system32\VERSION.dll
0x75670000 - 0x75675000 	C:\Windows\system32\PSAPI.DLL
0x6d7b0000 - 0x6d7bc000 	C:\Program Files\Java\jdk1.8.0_101\jre\bin\verify.dll
0x6d780000 - 0x6d7a1000 	C:\Program Files\Java\jdk1.8.0_101\jre\bin\java.dll
0x6d760000 - 0x6d773000 	C:\Program Files\Java\jdk1.8.0_101\jre\bin\zip.dll
0x759c0000 - 0x7660c000 	C:\Windows\system32\SHELL32.dll
0x756a0000 - 0x757fd000 	C:\Windows\system32\ole32.dll
0x751a0000 - 0x751ab000 	C:\Windows\system32\profapi.dll
0x6d470000 - 0x6d5b5000 	C:\Program Files\Java\jdk1.8.0_101\jre\bin\awt.dll
0x77050000 - 0x770e1000 	C:\Windows\system32\OLEAUT32.dll
0x73dd0000 - 0x73e10000 	C:\Windows\system32\uxtheme.dll
0x73a90000 - 0x73aa3000 	C:\Windows\system32\dwmapi.dll
0x750c0000 - 0x750cc000 	C:\Windows\system32\CRYPTBASE.dll
0x6d3d0000 - 0x6d409000 	C:\Program Files\Java\jdk1.8.0_101\jre\bin\fontmanager.dll
0x51c40000 - 0x51e03000 	C:\Windows\system32\d3d9.dll
0x6b780000 - 0x6b786000 	C:\Windows\system32\d3d8thk.dll
0x69f80000 - 0x6a6d6000 	C:\Windows\system32\nvd3dum.dll
0x734e0000 - 0x73505000 	C:\Windows\system32\powrprof.dll
0x754d0000 - 0x7566d000 	C:\Windows\system32\SETUPAPI.dll
0x753e0000 - 0x75407000 	C:\Windows\system32\CFGMGR32.dll
0x75280000 - 0x75292000 	C:\Windows\system32\DEVOBJ.dll
0x16d00000 - 0x16e0a000 	C:\Windows\system32\nvapi.dll
0x751d0000 - 0x751ff000 	C:\Windows\system32\WINTRUST.dll
0x752a0000 - 0x753c1000 	C:\Windows\system32\CRYPT32.dll
0x751b0000 - 0x751bc000 	C:\Windows\system32\MSASN1.dll
0x6d5c0000 - 0x6d5d6000 	C:\Program Files\Java\jdk1.8.0_101\jre\bin\net.dll
0x74b70000 - 0x74bac000 	C:\Windows\system32\mswsock.dll
0x74b60000 - 0x74b66000 	C:\Windows\System32\wship6.dll
0x6d940000 - 0x6d94f000 	C:\Program Files\Java\jdk1.8.0_101\jre\bin\nio.dll
0x6d390000 - 0x6d3c2000 	C:\Program Files\Java\jdk1.8.0_101\jre\bin\t2k.dll
0x76610000 - 0x76693000 	C:\Windows\system32\CLBCatQ.DLL
0x6d320000 - 0x6d344000 	C:\Program Files\Java\jdk1.8.0_101\jre\bin\dcpr.dll
0x74550000 - 0x74555000 	C:\Windows\System32\wshtcpip.dll
0x74a30000 - 0x74a74000 	C:\Windows\system32\DNSAPI.dll
0x72d50000 - 0x72d6c000 	C:\Windows\system32\IPHLPAPI.DLL
0x72d40000 - 0x72d47000 	C:\Windows\system32\WINNSI.DLL
0x704f0000 - 0x704f6000 	C:\Windows\system32\rasadhlp.dll
0x71710000 - 0x71748000 	C:\Windows\System32\fwpuclnt.dll
0x73920000 - 0x73a51000 	C:\Windows\system32\WindowsCodecs.dll
0x75070000 - 0x750bc000 	C:\Windows\system32\apphelp.dll
0x68880000 - 0x688b8000 	C:\Program Files\Dropbox\Client\DropboxExt.65536.dll
0x69f40000 - 0x69f71000 	C:\Windows\system32\EhStorShell.dll
0x73e10000 - 0x73f05000 	C:\Windows\system32\PROPSYS.dll
0x14790000 - 0x147af000 	C:\JavaRXTX\x86\rxtxSerial.dll
0x709b0000 - 0x70a9b000 	C:\Windows\system32\dbghelp.dll

VM Arguments:
jvm_args: -Dfile.encoding=UTF-8 
java_command: com.app.vista.ig.Splash
java_class_path (initial): C:\Users\hyper\Documents\NetBeansProjects\ProyectoDeInstrumentacion\lib\PanamaHitek_Arduino.v2.7.0.jar;C:\Program Files\NetBeans 8.1\ide\modules\ext\mysql-connector-java-5.1.23-bin.jar;C:\Users\hyper\Documents\NetBeansProjects\ProyectoDeInstrumentacion\lib\jcommon-1.0.23.jar;C:\Users\hyper\Documents\NetBeansProjects\ProyectoDeInstrumentacion\lib\jfreechart-1.0.19.jar;C:\Users\hyper\Documents\NetBeansProjects\ProyectoDeInstrumentacion\build\classes
Launcher Type: SUN_STANDARD

Environment Variables:
PATH=C:\ProgramData\Oracle\Java\javapath;C:\Windows\system32;C:\Windows;C:\Windows\System32\Wbem;C:\Windows\System32\WindowsPowerShell\v1.0\;C:\Program Files\Git\cmd;C:\Program Files\MySQL\MySQL Fabric 1.5 & MySQL Utilities 1.5\;C:\Program Files\MySQL\MySQL Fabric 1.5 & MySQL Utilities 1.5\Doctrine extensions for PHP\
USERNAME=hyper
OS=Windows_NT
PROCESSOR_IDENTIFIER=x86 Family 16 Model 6 Stepping 2, AuthenticAMD



---------------  S Y S T E M  ---------------

OS: Windows 7 Build 7601 (6.1.7601.23392)

CPU:total 1 (1 cores per cpu, 1 threads per core) family 16 model 6 stepping 2, cmov, cx8, fxsr, mmx, sse, sse2, sse3, popcnt, mmxext, 3dnowpref, lzcnt, sse4a, tsc, tscinvbit, tscinv

Memory: 4k page, physical 1834296k(227192k free), swap 3668592k(1146832k free)

vm_info: Java HotSpot(TM) Client VM (25.101-b13) for windows-x86 JRE (1.8.0_101-b13), built on Jun 22 2016 00:45:44 by "java_re" with MS VC++ 10.0 (VS2010)

time: Fri Sep 30 21:20:27 2016
elapsed time: 82 seconds (0d 0h 1m 22s)

