#
# A fatal error has been detected by the Java Runtime Environment:
#
#  EXCEPTION_ACCESS_VIOLATION (0xc0000005) at pc=0x14593f85, pid=1272, tid=0x00000f98
#
# JRE version: Java(TM) SE Runtime Environment (8.0_101-b13) (build 1.8.0_101-b13)
# Java VM: Java HotSpot(TM) Client VM (25.101-b13 mixed mode windows-x86 )
# Problematic frame:
# C  [rxtxSerial.dll+0x3f85]
#
# Failed to write core dump. Minidumps are not enabled by default on client versions of Windows
#
# If you would like to submit a bug report, please visit:
#   http://bugreport.java.com/bugreport/crash.jsp
# The crash happened outside the Java Virtual Machine in native code.
# See problematic frame for where to report the bug.
#

---------------  T H R E A D  ---------------

Current thread (0x14e53000):  JavaThread "Thread-4" [_thread_in_native, id=3992, stack(0x173f0000,0x17440000)]

siginfo: ExceptionCode=0xc0000005, writing address 0x1783f1e8

Registers:
EAX=0x00000001, EBX=0x00000001, ECX=0x7ffa7000, EDX=0x00000000
ESP=0x1743f4e8, EBP=0xffffffff, ESI=0x00000000, EDI=0x1783f1e0
EIP=0x14593f85, EFLAGS=0x00010297

Top of Stack: (sp=0x1743f4e8)
0x1743f4e8:   1743f558 14e53140 1743f568 00000001
0x1743f4f8:   00000001 00000004 00000000 145940b3
0x1743f508:   14e53140 1743f554 00000001 1743f550
0x1743f518:   00000001 ffffffff 14e53140 1743f558
0x1743f528:   145a8af0 145a8aec 14e53140 1743f558
0x1743f538:   145a8ae8 145a8ae4 14e53000 09710f38
0x1743f548:   00000000 01c52993 14e53140 1743f558
0x1743f558:   09710f38 1764cc00 00000000 1763c1e8 

Instructions: (pc=0x14593f85)
0x14593f65:   c6 5e 5d 5b 83 c4 0c c3 e8 19 4d 00 00 83 38 04
0x14593f75:   74 1c e8 0f 4d 00 00 83 38 0b 74 12 8b 44 24 10
0x14593f85:   89 47 08 5f 5e 5d 83 c8 ff 5b 83 c4 0c c3 8b 4c
0x14593f95:   24 10 89 4f 08 5f 5e 5d 83 c8 ff 5b 83 c4 0c c3 


Register to memory mapping:

EAX=0x00000001 is an unknown value
EBX=0x00000001 is an unknown value
ECX=0x7ffa7000 is an unknown value
EDX=0x00000000 is an unknown value
ESP=0x1743f4e8 is pointing into the stack for thread: 0x14e53000
EBP=0xffffffff is an unknown value
ESI=0x00000000 is an unknown value
EDI=0x1783f1e0 is an unknown value


Stack: [0x173f0000,0x17440000],  sp=0x1743f4e8,  free space=317k
Native frames: (J=compiled Java code, j=interpreted, Vv=VM code, C=native code)
C  [rxtxSerial.dll+0x3f85]

Java frames: (J=compiled Java code, j=interpreted, Vv=VM code)
J 1004  gnu.io.RXTXPort.readByte()I (0 bytes) @ 0x01c5294f [0x01c52910+0x3f]
J 1020 C1 gnu.io.RXTXPort$SerialInputStream.read()I (167 bytes) @ 0x01c60464 [0x01c601f0+0x274]
J 1007 C1 panamahitek.Arduino.PanamaHitek_Arduino.receiveData()I (133 bytes) @ 0x01c53a4e [0x01c539a0+0xae]
J 1006 C1 panamahitek.Arduino.PanamaHitek_Arduino.serialRead()V (83 bytes) @ 0x01c52ef5 [0x01c52ec0+0x35]
J 1008 C1 panamahitek.Arduino.PanamaHitek_Arduino.printMessage()Ljava/lang/String; (40 bytes) @ 0x01c54426 [0x01c543e0+0x46]
J 1005 C1 com.app.modelo.arduino.ComunicacionArduino.leerMensaje()Ljava/lang/String; (25 bytes) @ 0x01c52bd4 [0x01c52ba0+0x34]
j  com.app.controlador.muestreo.MostrarComunicacion.run()V+93
v  ~StubRoutines::call_stub

---------------  P R O C E S S  ---------------

Java Threads: ( => current thread )
=>0x14e53000 JavaThread "Thread-4" [_thread_in_native, id=3992, stack(0x173f0000,0x17440000)]
  0x14f69800 JavaThread "TimerQueue" daemon [_thread_blocked, id=5332, stack(0x176f0000,0x17740000)]
  0x14fab800 JavaThread "Abandoned connection cleanup thread" daemon [_thread_blocked, id=828, stack(0x16bb0000,0x16c00000)]
  0x14f6a800 JavaThread "D3D Screen Updater" daemon [_thread_blocked, id=3900, stack(0x17440000,0x17490000)]
  0x01104400 JavaThread "DestroyJavaVM" [_thread_blocked, id=3000, stack(0x01710000,0x01760000)]
  0x14db4800 JavaThread "AWT-EventQueue-0" [_thread_blocked, id=2332, stack(0x15410000,0x15460000)]
  0x1420c000 JavaThread "AWT-Windows" daemon [_thread_in_native, id=3580, stack(0x146d0000,0x14720000)]
  0x1420b400 JavaThread "AWT-Shutdown" [_thread_blocked, id=2888, stack(0x14860000,0x148b0000)]
  0x14208c00 JavaThread "Java2D Disposer" daemon [_thread_blocked, id=4480, stack(0x147e0000,0x14830000)]
  0x140c2000 JavaThread "Service Thread" daemon [_thread_blocked, id=5868, stack(0x14650000,0x146a0000)]
  0x140a1800 JavaThread "C1 CompilerThread0" daemon [_thread_blocked, id=4904, stack(0x14520000,0x14570000)]
  0x140b1400 JavaThread "Attach Listener" daemon [_thread_blocked, id=5144, stack(0x14490000,0x144e0000)]
  0x140ae400 JavaThread "Signal Dispatcher" daemon [_thread_blocked, id=4948, stack(0x14280000,0x142d0000)]
  0x1408f400 JavaThread "Finalizer" daemon [_thread_blocked, id=5832, stack(0x14400000,0x14450000)]
  0x14069800 JavaThread "Reference Handler" daemon [_thread_blocked, id=3140, stack(0x142d0000,0x14320000)]

Other Threads:
  0x14063400 VMThread [stack: 0x03b70000,0x03bc0000] [id=3204]
  0x140ac000 WatcherThread [stack: 0x145f0000,0x14640000] [id=2532]

VM state:not at safepoint (normal execution)

VM Mutex/Monitor currently owned by a thread: None

Heap:
 def new generation   total 4928K, used 2546K [0x03c00000, 0x04150000, 0x09150000)
  eden space 4416K,  55% used [0x03c00000, 0x03e60fb8, 0x04050000)
  from space 512K,  21% used [0x040d0000, 0x040ebac8, 0x04150000)
  to   space 512K,   0% used [0x04050000, 0x04050000, 0x040d0000)
 tenured generation   total 10944K, used 6941K [0x09150000, 0x09c00000, 0x13c00000)
   the space 10944K,  63% used [0x09150000, 0x09817680, 0x09817800, 0x09c00000)
 Metaspace       used 11523K, capacity 11710K, committed 11776K, reserved 12672K

Card table byte_map: [0x01290000,0x01320000] byte_map_base: 0x01272000

Polling page: 0x00260000

CodeCache: size=32768Kb used=2269Kb max_used=2269Kb free=30498Kb
 bounds [0x01a30000, 0x01c68000, 0x03a30000]
 total_blobs=1337 nmethods=1038 adapters=229
 compilation: enabled

Compilation events (10 events):
Event: 44.439 Thread 0x140a1800 1040             java.awt.EventDispatchThread$1::evaluate (2 bytes)
Event: 44.440 Thread 0x140a1800 nmethod 1040 0x01c65f48 code [0x01c66040, 0x01c660c0]
Event: 44.446 Thread 0x140a1800 1041             javax.swing.plaf.synth.SynthButtonUI::getContext (10 bytes)
Event: 44.446 Thread 0x140a1800 nmethod 1041 0x01c66108 code [0x01c66230, 0x01c66348]
Event: 44.452 Thread 0x140a1800 1042             java.lang.Integer::equals (29 bytes)
Event: 44.453 Thread 0x140a1800 nmethod 1042 0x01c664c8 code [0x01c665c0, 0x01c666c0]
Event: 44.470 Thread 0x140a1800 1043             sun.swing.SwingUtilities2::getFontMetrics (10 bytes)
Event: 44.470 Thread 0x140a1800 nmethod 1043 0x01c66748 code [0x01c668a0, 0x01c66b7c]
Event: 44.470 Thread 0x140a1800 1044             sun.swing.SwingUtilities2::getFontMetrics (18 bytes)
Event: 44.471 Thread 0x140a1800 nmethod 1044 0x01c66e48 code [0x01c66fa0, 0x01c672a4]

GC Heap History (10 events):
Event: 1.809 GC heap before
{Heap before GC invocations=2 (full 0):
 def new generation   total 4928K, used 4663K [0x03c00000, 0x04150000, 0x09150000)
  eden space 4416K,  99% used [0x03c00000, 0x0404cbb0, 0x04050000)
  from space 512K,  50% used [0x04050000, 0x040912d0, 0x040d0000)
  to   space 512K,   0% used [0x040d0000, 0x040d0000, 0x04150000)
 tenured generation   total 10944K, used 3368K [0x09150000, 0x09c00000, 0x13c00000)
   the space 10944K,  30% used [0x09150000, 0x0949a260, 0x0949a400, 0x09c00000)
 Metaspace       used 8973K, capacity 9129K, committed 9216K, reserved 9600K
Event: 1.817 GC heap after
Heap after GC invocations=3 (full 0):
 def new generation   total 4928K, used 512K [0x03c00000, 0x04150000, 0x09150000)
  eden space 4416K,   0% used [0x03c00000, 0x03c00000, 0x04050000)
  from space 512K, 100% used [0x040d0000, 0x04150000, 0x04150000)
  to   space 512K,   0% used [0x04050000, 0x04050000, 0x040d0000)
 tenured generation   total 10944K, used 4321K [0x09150000, 0x09c00000, 0x13c00000)
   the space 10944K,  39% used [0x09150000, 0x095885e0, 0x09588600, 0x09c00000)
 Metaspace       used 8973K, capacity 9129K, committed 9216K, reserved 9600K
}
Event: 11.778 GC heap before
{Heap before GC invocations=3 (full 0):
 def new generation   total 4928K, used 4928K [0x03c00000, 0x04150000, 0x09150000)
  eden space 4416K, 100% used [0x03c00000, 0x04050000, 0x04050000)
  from space 512K, 100% used [0x040d0000, 0x04150000, 0x04150000)
  to   space 512K,   0% used [0x04050000, 0x04050000, 0x040d0000)
 tenured generation   total 10944K, used 4321K [0x09150000, 0x09c00000, 0x13c00000)
   the space 10944K,  39% used [0x09150000, 0x095885e0, 0x09588600, 0x09c00000)
 Metaspace       used 10719K, capacity 10904K, committed 11008K, reserved 11648K
Event: 11.787 GC heap after
Heap after GC invocations=4 (full 0):
 def new generation   total 4928K, used 512K [0x03c00000, 0x04150000, 0x09150000)
  eden space 4416K,   0% used [0x03c00000, 0x03c00000, 0x04050000)
  from space 512K, 100% used [0x04050000, 0x040d0000, 0x040d0000)
  to   space 512K,   0% used [0x040d0000, 0x040d0000, 0x04150000)
 tenured generation   total 10944K, used 5088K [0x09150000, 0x09c00000, 0x13c00000)
   the space 10944K,  46% used [0x09150000, 0x096482f0, 0x09648400, 0x09c00000)
 Metaspace       used 10719K, capacity 10904K, committed 11008K, reserved 11648K
}
Event: 14.388 GC heap before
{Heap before GC invocations=4 (full 0):
 def new generation   total 4928K, used 4928K [0x03c00000, 0x04150000, 0x09150000)
  eden space 4416K, 100% used [0x03c00000, 0x04050000, 0x04050000)
  from space 512K, 100% used [0x04050000, 0x040d0000, 0x040d0000)
  to   space 512K,   0% used [0x040d0000, 0x040d0000, 0x04150000)
 tenured generation   total 10944K, used 5088K [0x09150000, 0x09c00000, 0x13c00000)
   the space 10944K,  46% used [0x09150000, 0x096482f0, 0x09648400, 0x09c00000)
 Metaspace       used 11226K, capacity 11422K, committed 11520K, reserved 11648K
Event: 14.394 GC heap after
Heap after GC invocations=5 (full 0):
 def new generation   total 4928K, used 512K [0x03c00000, 0x04150000, 0x09150000)
  eden space 4416K,   0% used [0x03c00000, 0x03c00000, 0x04050000)
  from space 512K, 100% used [0x040d0000, 0x04150000, 0x04150000)
  to   space 512K,   0% used [0x04050000, 0x04050000, 0x040d0000)
 tenured generation   total 10944K, used 5871K [0x09150000, 0x09c00000, 0x13c00000)
   the space 10944K,  53% used [0x09150000, 0x0970be68, 0x0970c000, 0x09c00000)
 Metaspace       used 11226K, capacity 11422K, committed 11520K, reserved 11648K
}
Event: 18.677 GC heap before
{Heap before GC invocations=5 (full 0):
 def new generation   total 4928K, used 4928K [0x03c00000, 0x04150000, 0x09150000)
  eden space 4416K, 100% used [0x03c00000, 0x04050000, 0x04050000)
  from space 512K, 100% used [0x040d0000, 0x04150000, 0x04150000)
  to   space 512K,   0% used [0x04050000, 0x04050000, 0x040d0000)
 tenured generation   total 10944K, used 5871K [0x09150000, 0x09c00000, 0x13c00000)
   the space 10944K,  53% used [0x09150000, 0x0970be68, 0x0970c000, 0x09c00000)
 Metaspace       used 11522K, capacity 11710K, committed 11776K, reserved 12672K
Event: 18.681 GC heap after
Heap after GC invocations=6 (full 0):
 def new generation   total 4928K, used 214K [0x03c00000, 0x04150000, 0x09150000)
  eden space 4416K,   0% used [0x03c00000, 0x03c00000, 0x04050000)
  from space 512K,  41% used [0x04050000, 0x04085b28, 0x040d0000)
  to   space 512K,   0% used [0x040d0000, 0x040d0000, 0x04150000)
 tenured generation   total 10944K, used 6941K [0x09150000, 0x09c00000, 0x13c00000)
   the space 10944K,  63% used [0x09150000, 0x09817680, 0x09817800, 0x09c00000)
 Metaspace       used 11522K, capacity 11710K, committed 11776K, reserved 12672K
}
Event: 23.092 GC heap before
{Heap before GC invocations=6 (full 0):
 def new generation   total 4928K, used 4630K [0x03c00000, 0x04150000, 0x09150000)
  eden space 4416K, 100% used [0x03c00000, 0x04050000, 0x04050000)
  from space 512K,  41% used [0x04050000, 0x04085b28, 0x040d0000)
  to   space 512K,   0% used [0x040d0000, 0x040d0000, 0x04150000)
 tenured generation   total 10944K, used 6941K [0x09150000, 0x09c00000, 0x13c00000)
   the space 10944K,  63% used [0x09150000, 0x09817680, 0x09817800, 0x09c00000)
 Metaspace       used 11522K, capacity 11710K, committed 11776K, reserved 12672K
Event: 23.094 GC heap after
Heap after GC invocations=7 (full 0):
 def new generation   total 4928K, used 110K [0x03c00000, 0x04150000, 0x09150000)
  eden space 4416K,   0% used [0x03c00000, 0x03c00000, 0x04050000)
  from space 512K,  21% used [0x040d0000, 0x040ebac8, 0x04150000)
  to   space 512K,   0% used [0x04050000, 0x04050000, 0x040d0000)
 tenured generation   total 10944K, used 6941K [0x09150000, 0x09c00000, 0x13c00000)
   the space 10944K,  63% used [0x09150000, 0x09817680, 0x09817800, 0x09c00000)
 Metaspace       used 11522K, capacity 11710K, committed 11776K, reserved 12672K
}

Deoptimization events (0 events):
No events

Internal exceptions (10 events):
Event: 0.445 Thread 0x01104400 Exception <a 'java/lang/ClassNotFoundException': TreeCell> (0x03eb18f8) thrown at [C:\re\workspace\8-2-build-windows-i586-cygwin\jdk8u101\7261\hotspot\src\share\vm\classfile\systemDictionary.cpp, line 210]
Event: 0.446 Thread 0x01104400 Exception <a 'java/lang/ClassNotFoundException': RootPane> (0x03eb2270) thrown at [C:\re\workspace\8-2-build-windows-i586-cygwin\jdk8u101\7261\hotspot\src\share\vm\classfile\systemDictionary.cpp, line 210]
Event: 10.573 Thread 0x14db4800 Exception <a 'java/io/FileNotFoundException'> (0x03f60f58) thrown at [C:\re\workspace\8-2-build-windows-i586-cygwin\jdk8u101\7261\hotspot\src\share\vm\prims\jni.cpp, line 709]
Event: 10.689 Thread 0x14db4800 Exception <a 'java/io/FileNotFoundException'> (0x03f73268) thrown at [C:\re\workspace\8-2-build-windows-i586-cygwin\jdk8u101\7261\hotspot\src\share\vm\prims\jni.cpp, line 709]
Event: 10.699 Thread 0x14db4800 Exception <a 'java/io/FileNotFoundException'> (0x03f80570) thrown at [C:\re\workspace\8-2-build-windows-i586-cygwin\jdk8u101\7261\hotspot\src\share\vm\prims\jni.cpp, line 709]
Event: 10.790 Thread 0x14db4800 Exception <a 'java/io/FileNotFoundException'> (0x03f923f8) thrown at [C:\re\workspace\8-2-build-windows-i586-cygwin\jdk8u101\7261\hotspot\src\share\vm\prims\jni.cpp, line 709]
Event: 10.792 Thread 0x14db4800 Exception <a 'java/io/FileNotFoundException'> (0x03fa10a0) thrown at [C:\re\workspace\8-2-build-windows-i586-cygwin\jdk8u101\7261\hotspot\src\share\vm\prims\jni.cpp, line 709]
Event: 10.874 Thread 0x14db4800 Exception <a 'java/io/FileNotFoundException'> (0x03fb30f0) thrown at [C:\re\workspace\8-2-build-windows-i586-cygwin\jdk8u101\7261\hotspot\src\share\vm\prims\jni.cpp, line 709]
Event: 13.939 Thread 0x14db4800 Exception <a 'java/io/FileNotFoundException'> (0x03cdbca0) thrown at [C:\re\workspace\8-2-build-windows-i586-cygwin\jdk8u101\7261\hotspot\src\share\vm\prims\jni.cpp, line 709]
Event: 14.034 Thread 0x14db4800 Exception <a 'java/io/FileNotFoundException'> (0x03cedb48) thrown at [C:\re\workspace\8-2-build-windows-i586-cygwin\jdk8u101\7261\hotspot\src\share\vm\prims\jni.cpp, line 709]

Events (10 events):
Event: 18.436 loading class gnu/io/SerialPortEvent done
Event: 18.677 Executing VM operation: GenCollectForAllocation
Event: 18.681 Executing VM operation: GenCollectForAllocation done
Event: 23.092 Executing VM operation: GenCollectForAllocation
Event: 23.094 Executing VM operation: GenCollectForAllocation done
Event: 24.794 Executing VM operation: RevokeBias
Event: 24.794 Executing VM operation: RevokeBias done
Event: 24.795 Executing VM operation: RevokeBias
Event: 24.795 Executing VM operation: RevokeBias done
Event: 44.403 Thread 0x14e4c400 Thread exited: 0x14e4c400


Dynamic libraries:
0x01320000 - 0x01353000 	C:\Program Files\Java\jdk1.8.0_101\bin\java.exe
0x77c50000 - 0x77d92000 	C:\Windows\SYSTEM32\ntdll.dll
0x77af0000 - 0x77bc5000 	C:\Windows\system32\kernel32.dll
0x75bd0000 - 0x75c1b000 	C:\Windows\system32\KERNELBASE.dll
0x768f0000 - 0x76991000 	C:\Windows\system32\ADVAPI32.dll
0x76740000 - 0x767ec000 	C:\Windows\system32\msvcrt.dll
0x76440000 - 0x76459000 	C:\Windows\SYSTEM32\sechost.dll
0x767f0000 - 0x76892000 	C:\Windows\system32\RPCRT4.dll
0x77a20000 - 0x77ae9000 	C:\Windows\system32\USER32.dll
0x768a0000 - 0x768ee000 	C:\Windows\system32\GDI32.dll
0x77dc0000 - 0x77dca000 	C:\Windows\system32\LPK.dll
0x76170000 - 0x7620d000 	C:\Windows\system32\USP10.dll
0x74960000 - 0x74afe000 	C:\Windows\WinSxS\x86_microsoft.windows.common-controls_6595b64144ccf1df_6.0.7601.18837_none_41e855142bd5705d\COMCTL32.dll
0x77e40000 - 0x77e97000 	C:\Windows\system32\SHLWAPI.dll
0x77e10000 - 0x77e2f000 	C:\Windows\system32\IMM32.DLL
0x76d00000 - 0x76dcc000 	C:\Windows\system32\MSCTF.dll
0x55e40000 - 0x55eff000 	C:\Program Files\Java\jdk1.8.0_101\jre\bin\msvcr100.dll
0x54f90000 - 0x5535c000 	C:\Program Files\Java\jdk1.8.0_101\jre\bin\client\jvm.dll
0x6e330000 - 0x6e337000 	C:\Windows\system32\WSOCK32.dll
0x75ed0000 - 0x75f05000 	C:\Windows\system32\WS2_32.dll
0x77e00000 - 0x77e06000 	C:\Windows\system32\NSI.dll
0x73d90000 - 0x73dc2000 	C:\Windows\system32\WINMM.dll
0x74ed0000 - 0x74ed9000 	C:\Windows\system32\VERSION.dll
0x77e30000 - 0x77e35000 	C:\Windows\system32\PSAPI.DLL
0x6e2c0000 - 0x6e2cc000 	C:\Program Files\Java\jdk1.8.0_101\jre\bin\verify.dll
0x6e290000 - 0x6e2b1000 	C:\Program Files\Java\jdk1.8.0_101\jre\bin\java.dll
0x6e270000 - 0x6e283000 	C:\Program Files\Java\jdk1.8.0_101\jre\bin\zip.dll
0x76dd0000 - 0x77a1c000 	C:\Windows\system32\SHELL32.dll
0x76b40000 - 0x76c9d000 	C:\Windows\system32\ole32.dll
0x75bb0000 - 0x75bbb000 	C:\Windows\system32\profapi.dll
0x54bc0000 - 0x54d05000 	C:\Program Files\Java\jdk1.8.0_101\jre\bin\awt.dll
0x76460000 - 0x764f1000 	C:\Windows\system32\OLEAUT32.dll
0x747e0000 - 0x74820000 	C:\Windows\system32\uxtheme.dll
0x744a0000 - 0x744b3000 	C:\Windows\system32\dwmapi.dll
0x75ad0000 - 0x75adc000 	C:\Windows\system32\CRYPTBASE.dll
0x60cb0000 - 0x60ce9000 	C:\Program Files\Java\jdk1.8.0_101\jre\bin\fontmanager.dll
0x5cde0000 - 0x5cfa3000 	C:\Windows\system32\d3d9.dll
0x5f200000 - 0x5f206000 	C:\Windows\system32\d3d8thk.dll
0x6f1e0000 - 0x6f936000 	C:\Windows\system32\nvd3dum.dll
0x73ef0000 - 0x73f15000 	C:\Windows\system32\powrprof.dll
0x769a0000 - 0x76b3d000 	C:\Windows\system32\SETUPAPI.dll
0x75d00000 - 0x75d27000 	C:\Windows\system32\CFGMGR32.dll
0x75e90000 - 0x75ea2000 	C:\Windows\system32\DEVOBJ.dll
0x16c60000 - 0x16d6a000 	C:\Windows\system32\nvapi.dll
0x75d30000 - 0x75d5f000 	C:\Windows\system32\WINTRUST.dll
0x75d60000 - 0x75e81000 	C:\Windows\system32\CRYPT32.dll
0x75bc0000 - 0x75bcc000 	C:\Windows\system32\MSASN1.dll
0x65bf0000 - 0x65c06000 	C:\Program Files\Java\jdk1.8.0_101\jre\bin\net.dll
0x75580000 - 0x755bc000 	C:\Windows\system32\mswsock.dll
0x75570000 - 0x75576000 	C:\Windows\System32\wship6.dll
0x6e260000 - 0x6e26f000 	C:\Program Files\Java\jdk1.8.0_101\jre\bin\nio.dll
0x5d0b0000 - 0x5d0e2000 	C:\Program Files\Java\jdk1.8.0_101\jre\bin\t2k.dll
0x76360000 - 0x763e3000 	C:\Windows\system32\CLBCatQ.DLL
0x60e30000 - 0x60e54000 	C:\Program Files\Java\jdk1.8.0_101\jre\bin\dcpr.dll
0x74f60000 - 0x74f65000 	C:\Windows\System32\wshtcpip.dll
0x75440000 - 0x75484000 	C:\Windows\system32\DNSAPI.dll
0x73790000 - 0x737ac000 	C:\Windows\system32\IPHLPAPI.DLL
0x73780000 - 0x73787000 	C:\Windows\system32\WINNSI.DLL
0x70e50000 - 0x70e56000 	C:\Windows\system32\rasadhlp.dll
0x72260000 - 0x72298000 	C:\Windows\System32\fwpuclnt.dll
0x74330000 - 0x74461000 	C:\Windows\system32\WindowsCodecs.dll
0x75a80000 - 0x75acc000 	C:\Windows\system32\apphelp.dll
0x6f0a0000 - 0x6f0d8000 	C:\Program Files\Dropbox\Client\DropboxExt.65536.dll
0x6f020000 - 0x6f051000 	C:\Windows\system32\EhStorShell.dll
0x74820000 - 0x74915000 	C:\Windows\system32\PROPSYS.dll
0x14590000 - 0x145af000 	C:\JavaRXTX\x86\rxtxSerial.dll
0x71310000 - 0x713fb000 	C:\Windows\system32\dbghelp.dll

VM Arguments:
jvm_args: -Dfile.encoding=UTF-8 
java_command: com.app.vista.ig.Splash
java_class_path (initial): C:\Users\hyper\Documents\NetBeansProjects\ProyectoDeInstrumentacion\lib\PanamaHitek_Arduino.v2.7.0.jar;C:\Program Files\NetBeans 8.1\ide\modules\ext\mysql-connector-java-5.1.23-bin.jar;C:\Users\hyper\Documents\NetBeansProjects\ProyectoDeInstrumentacion\lib\jcommon-1.0.23.jar;C:\Users\hyper\Documents\NetBeansProjects\ProyectoDeInstrumentacion\lib\jfreechart-1.0.19.jar;C:\Users\hyper\Documents\NetBeansProjects\ProyectoDeInstrumentacion\build\classes
Launcher Type: SUN_STANDARD

Environment Variables:
PATH=C:\ProgramData\Oracle\Java\javapath;C:\Windows\system32;C:\Windows;C:\Windows\System32\Wbem;C:\Windows\System32\WindowsPowerShell\v1.0\;C:\Program Files\Git\cmd;C:\Program Files\MySQL\MySQL Fabric 1.5 & MySQL Utilities 1.5\;C:\Program Files\MySQL\MySQL Fabric 1.5 & MySQL Utilities 1.5\Doctrine extensions for PHP\
USERNAME=hyper
OS=Windows_NT
PROCESSOR_IDENTIFIER=x86 Family 16 Model 6 Stepping 2, AuthenticAMD



---------------  S Y S T E M  ---------------

OS: Windows 7 Build 7601 (6.1.7601.23392)

CPU:total 1 (1 cores per cpu, 1 threads per core) family 16 model 6 stepping 2, cmov, cx8, fxsr, mmx, sse, sse2, sse3, popcnt, mmxext, 3dnowpref, lzcnt, sse4a, tsc, tscinvbit, tscinv

Memory: 4k page, physical 1834296k(110188k free), swap 3668592k(706692k free)

vm_info: Java HotSpot(TM) Client VM (25.101-b13) for windows-x86 JRE (1.8.0_101-b13), built on Jun 22 2016 00:45:44 by "java_re" with MS VC++ 10.0 (VS2010)

time: Sun Oct 02 17:31:27 2016
elapsed time: 44 seconds (0d 0h 0m 44s)

