#
# A fatal error has been detected by the Java Runtime Environment:
#
#  EXCEPTION_ACCESS_VIOLATION (0xc0000005) at pc=0x144c3f85, pid=2860, tid=0x00001088
#
# JRE version: Java(TM) SE Runtime Environment (8.0_101-b13) (build 1.8.0_101-b13)
# Java VM: Java HotSpot(TM) Client VM (25.101-b13 mixed mode windows-x86 )
# Problematic frame:
# C  [rxtxSerial.dll+0x3f85]
#
# Failed to write core dump. Minidumps are not enabled by default on client versions of Windows
#
# If you would like to submit a bug report, please visit:
#   http://bugreport.java.com/bugreport/crash.jsp
# The crash happened outside the Java Virtual Machine in native code.
# See problematic frame for where to report the bug.
#

---------------  T H R E A D  ---------------

Current thread (0x14e63000):  JavaThread "Thread-4" [_thread_in_native, id=4232, stack(0x17960000,0x179b0000)]

siginfo: ExceptionCode=0xc0000005, writing address 0x167cf5c8

Registers:
EAX=0x00000001, EBX=0x00000001, ECX=0x7ffa7000, EDX=0x00000000
ESP=0x179af168, EBP=0xffffffff, ESI=0x00000000, EDI=0x167cf5c0
EIP=0x144c3f85, EFLAGS=0x00010297

Top of Stack: (sp=0x179af168)
0x179af168:   179af1d8 14e63140 179af1e8 00000001
0x179af178:   00000001 00000002 00000000 144c40b3
0x179af188:   14e63140 179af1d4 00000001 179af1d0
0x179af198:   00000001 ffffffff 14e63140 179af1d8
0x179af1a8:   144d8af0 144d8aec 14e63140 179af1d8
0x179af1b8:   144d8ae8 144d8ae4 14e63000 096c1de8
0x179af1c8:   00000000 01d6ac53 14e63140 179af1d8
0x179af1d8:   096c1de8 179af390 01d4b8b7 00000000 

Instructions: (pc=0x144c3f85)
0x144c3f65:   c6 5e 5d 5b 83 c4 0c c3 e8 19 4d 00 00 83 38 04
0x144c3f75:   74 1c e8 0f 4d 00 00 83 38 0b 74 12 8b 44 24 10
0x144c3f85:   89 47 08 5f 5e 5d 83 c8 ff 5b 83 c4 0c c3 8b 4c
0x144c3f95:   24 10 89 4f 08 5f 5e 5d 83 c8 ff 5b 83 c4 0c c3 


Register to memory mapping:

EAX=0x00000001 is an unknown value
EBX=0x00000001 is an unknown value
ECX=0x7ffa7000 is an unknown value
EDX=0x00000000 is an unknown value
ESP=0x179af168 is pointing into the stack for thread: 0x14e63000
EBP=0xffffffff is an unknown value
ESI=0x00000000 is an unknown value
EDI=0x167cf5c0 is an unknown value


Stack: [0x17960000,0x179b0000],  sp=0x179af168,  free space=316k
Native frames: (J=compiled Java code, j=interpreted, Vv=VM code, C=native code)
C  [rxtxSerial.dll+0x3f85]

Java frames: (J=compiled Java code, j=interpreted, Vv=VM code)
J 1486  gnu.io.RXTXPort.readByte()I (0 bytes) @ 0x01d6ac0f [0x01d6abd0+0x3f]
J 1403 C1 gnu.io.RXTXPort$SerialInputStream.read()I (167 bytes) @ 0x01d4ba24 [0x01d4b7b0+0x274]
J 1451 C1 panamahitek.Arduino.PanamaHitek_Arduino.receiveData()I (133 bytes) @ 0x01d6038e [0x01d602e0+0xae]
J 1450 C1 panamahitek.Arduino.PanamaHitek_Arduino.serialRead()V (83 bytes) @ 0x01d5f835 [0x01d5f800+0x35]
J 1448 C1 panamahitek.Arduino.PanamaHitek_Arduino.printMessage()Ljava/lang/String; (40 bytes) @ 0x01d5f326 [0x01d5f2e0+0x46]
J 1407 C1 com.app.modelo.arduino.ComunicacionArduino.leerMensaje()Ljava/lang/String; (25 bytes) @ 0x01d4d654 [0x01d4d620+0x34]
j  com.app.controlador.muestreo.MostrarComunicacion.run()V+98
v  ~StubRoutines::call_stub

---------------  P R O C E S S  ---------------

Java Threads: ( => current thread )
=>0x14e63000 JavaThread "Thread-4" [_thread_in_native, id=4232, stack(0x17960000,0x179b0000)]
  0x14f79800 JavaThread "TimerQueue" daemon [_thread_blocked, id=2204, stack(0x17810000,0x17860000)]
  0x14fbb800 JavaThread "Abandoned connection cleanup thread" daemon [_thread_blocked, id=5424, stack(0x18680000,0x186d0000)]
  0x14f7a800 JavaThread "D3D Screen Updater" daemon [_thread_blocked, id=3900, stack(0x17420000,0x17470000)]
  0x019a4400 JavaThread "DestroyJavaVM" [_thread_blocked, id=4828, stack(0x012d0000,0x01320000)]
  0x14dc4800 JavaThread "AWT-EventQueue-0" [_thread_blocked, id=2460, stack(0x15310000,0x15360000)]
  0x1420c000 JavaThread "AWT-Windows" daemon [_thread_in_native, id=4116, stack(0x14950000,0x149a0000)]
  0x1420b400 JavaThread "AWT-Shutdown" [_thread_blocked, id=1268, stack(0x14760000,0x147b0000)]
  0x14208c00 JavaThread "Java2D Disposer" daemon [_thread_blocked, id=4268, stack(0x14470000,0x144c0000)]
  0x140c2000 JavaThread "Service Thread" daemon [_thread_blocked, id=5956, stack(0x14590000,0x145e0000)]
  0x140a1800 JavaThread "C1 CompilerThread0" daemon [_thread_blocked, id=4296, stack(0x144e0000,0x14530000)]
  0x140b1400 JavaThread "Attach Listener" daemon [_thread_blocked, id=6108, stack(0x14530000,0x14580000)]
  0x140ae400 JavaThread "Signal Dispatcher" daemon [_thread_blocked, id=364, stack(0x14400000,0x14450000)]
  0x1408f400 JavaThread "Finalizer" daemon [_thread_blocked, id=5576, stack(0x14350000,0x143a0000)]
  0x14069800 JavaThread "Reference Handler" daemon [_thread_blocked, id=3928, stack(0x03ba0000,0x03bf0000)]

Other Threads:
  0x14063400 VMThread [stack: 0x142b0000,0x14300000] [id=5832]
  0x140ac000 WatcherThread [stack: 0x14610000,0x14660000] [id=5668]

VM state:not at safepoint (normal execution)

VM Mutex/Monitor currently owned by a thread: None

Heap:
 def new generation   total 5888K, used 4354K [0x03c00000, 0x04260000, 0x09150000)
  eden space 5248K,  82% used [0x03c00000, 0x0403e1f8, 0x04120000)
  from space 640K,   1% used [0x041c0000, 0x041c27f0, 0x04260000)
  to   space 640K,   0% used [0x04120000, 0x04120000, 0x041c0000)
 tenured generation   total 12948K, used 7767K [0x09150000, 0x09df5000, 0x13c00000)
   the space 12948K,  59% used [0x09150000, 0x098e5fe8, 0x098e6000, 0x09df5000)
 Metaspace       used 11709K, capacity 11916K, committed 12032K, reserved 12672K

Card table byte_map: [0x01180000,0x01210000] byte_map_base: 0x01162000

Polling page: 0x00360000

CodeCache: size=32768Kb used=2928Kb max_used=2928Kb free=29839Kb
 bounds [0x01aa0000, 0x01d80000, 0x03aa0000]
 total_blobs=1801 nmethods=1502 adapters=229
 compilation: enabled

Compilation events (10 events):
Event: 50.279 Thread 0x140a1800 1504             sun.misc.FloatingDecimal$ASCIIToBinaryBuffer::doubleValue (1194 bytes)
Event: 50.283 Thread 0x140a1800 nmethod 1504 0x01d775c8 code [0x01d778b0, 0x01d78600]
Event: 51.081 Thread 0x140a1800 1505             java.util.regex.Pattern::skip (23 bytes)
Event: 51.081 Thread 0x140a1800 nmethod 1505 0x01d79b08 code [0x01d79c00, 0x01d79cb0]
Event: 53.891 Thread 0x140a1800 1506             java.util.regex.Pattern::sequence (553 bytes)
Event: 53.893 Thread 0x140a1800 nmethod 1506 0x01d79d88 code [0x01d7a040, 0x01d7abec]
Event: 53.962 Thread 0x140a1800 1507   !         java.awt.EventQueue::isDispatchThreadImpl (99 bytes)
Event: 53.962 Thread 0x140a1800 nmethod 1507 0x01d7bc08 code [0x01d7bd50, 0x01d7bf04]
Event: 53.971 Thread 0x140a1800 1508             sun.awt.image.SunVolatileImage::getGraphicsConfig (5 bytes)
Event: 53.972 Thread 0x140a1800 nmethod 1508 0x01d7c108 code [0x01d7c200, 0x01d7c280]

GC Heap History (10 events):
Event: 28.426 GC heap before
{Heap before GC invocations=10 (full 0):
 def new generation   total 4928K, used 4437K [0x03c00000, 0x04150000, 0x09150000)
  eden space 4416K, 100% used [0x03c00000, 0x04050000, 0x04050000)
  from space 512K,   4% used [0x04050000, 0x04055680, 0x040d0000)
  to   space 512K,   0% used [0x040d0000, 0x040d0000, 0x04150000)
 tenured generation   total 10944K, used 8107K [0x09150000, 0x09c00000, 0x13c00000)
   the space 10944K,  74% used [0x09150000, 0x0993acc8, 0x0993ae00, 0x09c00000)
 Metaspace       used 11714K, capacity 11934K, committed 12032K, reserved 12672K
Event: 28.428 GC heap after
Heap after GC invocations=11 (full 0):
 def new generation   total 4928K, used 24K [0x03c00000, 0x04150000, 0x09150000)
  eden space 4416K,   0% used [0x03c00000, 0x03c00000, 0x04050000)
  from space 512K,   4% used [0x040d0000, 0x040d6278, 0x04150000)
  to   space 512K,   0% used [0x04050000, 0x04050000, 0x040d0000)
 tenured generation   total 10944K, used 8107K [0x09150000, 0x09c00000, 0x13c00000)
   the space 10944K,  74% used [0x09150000, 0x0993acc8, 0x0993ae00, 0x09c00000)
 Metaspace       used 11714K, capacity 11934K, committed 12032K, reserved 12672K
}
Event: 29.991 GC heap before
{Heap before GC invocations=11 (full 0):
 def new generation   total 4928K, used 3792K [0x03c00000, 0x04150000, 0x09150000)
  eden space 4416K,  85% used [0x03c00000, 0x03fadef0, 0x04050000)
  from space 512K,   4% used [0x040d0000, 0x040d6278, 0x04150000)
  to   space 512K,   0% used [0x04050000, 0x04050000, 0x040d0000)
 tenured generation   total 10944K, used 8107K [0x09150000, 0x09c00000, 0x13c00000)
   the space 10944K,  74% used [0x09150000, 0x0993acc8, 0x0993ae00, 0x09c00000)
 Metaspace       used 11714K, capacity 11934K, committed 12032K, reserved 12672K
Event: 29.995 GC heap after
Heap after GC invocations=12 (full 0):
 def new generation   total 4928K, used 32K [0x03c00000, 0x04150000, 0x09150000)
  eden space 4416K,   0% used [0x03c00000, 0x03c00000, 0x04050000)
  from space 512K,   6% used [0x04050000, 0x04058130, 0x040d0000)
  to   space 512K,   0% used [0x040d0000, 0x040d0000, 0x04150000)
 tenured generation   total 10944K, used 8756K [0x09150000, 0x09c00000, 0x13c00000)
   the space 10944K,  80% used [0x09150000, 0x099dd280, 0x099dd400, 0x09c00000)
 Metaspace       used 11714K, capacity 11934K, committed 12032K, reserved 12672K
}
Event: 31.257 GC heap before
{Heap before GC invocations=12 (full 0):
 def new generation   total 4928K, used 4448K [0x03c00000, 0x04150000, 0x09150000)
  eden space 4416K, 100% used [0x03c00000, 0x04050000, 0x04050000)
  from space 512K,   6% used [0x04050000, 0x04058130, 0x040d0000)
  to   space 512K,   0% used [0x040d0000, 0x040d0000, 0x04150000)
 tenured generation   total 10944K, used 8756K [0x09150000, 0x09c00000, 0x13c00000)
   the space 10944K,  80% used [0x09150000, 0x099dd280, 0x099dd400, 0x09c00000)
 Metaspace       used 11716K, capacity 11934K, committed 12032K, reserved 12672K
Event: 31.264 GC heap after
Heap after GC invocations=13 (full 0):
 def new generation   total 4928K, used 40K [0x03c00000, 0x04150000, 0x09150000)
  eden space 4416K,   0% used [0x03c00000, 0x03c00000, 0x04050000)
  from space 512K,   7% used [0x040d0000, 0x040da380, 0x04150000)
  to   space 512K,   0% used [0x04050000, 0x04050000, 0x040d0000)
 tenured generation   total 10944K, used 10055K [0x09150000, 0x09c00000, 0x13c00000)
   the space 10944K,  91% used [0x09150000, 0x09b21df0, 0x09b21e00, 0x09c00000)
 Metaspace       used 11716K, capacity 11934K, committed 12032K, reserved 12672K
}
Event: 32.638 GC heap before
{Heap before GC invocations=13 (full 0):
 def new generation   total 4928K, used 4456K [0x03c00000, 0x04150000, 0x09150000)
  eden space 4416K, 100% used [0x03c00000, 0x04050000, 0x04050000)
  from space 512K,   7% used [0x040d0000, 0x040da380, 0x04150000)
  to   space 512K,   0% used [0x04050000, 0x04050000, 0x040d0000)
 tenured generation   total 10944K, used 10055K [0x09150000, 0x09c00000, 0x13c00000)
   the space 10944K,  91% used [0x09150000, 0x09b21df0, 0x09b21e00, 0x09c00000)
 Metaspace       used 11716K, capacity 11934K, committed 12032K, reserved 12672K
Event: 32.676 GC heap after
Heap after GC invocations=14 (full 1):
 def new generation   total 5888K, used 0K [0x03c00000, 0x04260000, 0x09150000)
  eden space 5248K,   0% used [0x03c00000, 0x03c00000, 0x04120000)
  from space 640K,   0% used [0x04120000, 0x04120000, 0x041c0000)
  to   space 640K,   0% used [0x041c0000, 0x041c0000, 0x04260000)
 tenured generation   total 12948K, used 7767K [0x09150000, 0x09df5000, 0x13c00000)
   the space 12948K,  59% used [0x09150000, 0x098e5fe8, 0x098e6000, 0x09df5000)
 Metaspace       used 11708K, capacity 11916K, committed 12032K, reserved 12672K
}
Event: 35.447 GC heap before
{Heap before GC invocations=14 (full 1):
 def new generation   total 5888K, used 5248K [0x03c00000, 0x04260000, 0x09150000)
  eden space 5248K, 100% used [0x03c00000, 0x04120000, 0x04120000)
  from space 640K,   0% used [0x04120000, 0x04120000, 0x041c0000)
  to   space 640K,   0% used [0x041c0000, 0x041c0000, 0x04260000)
 tenured generation   total 12948K, used 7767K [0x09150000, 0x09df5000, 0x13c00000)
   the space 12948K,  59% used [0x09150000, 0x098e5fe8, 0x098e6000, 0x09df5000)
 Metaspace       used 11709K, capacity 11916K, committed 12032K, reserved 12672K
Event: 35.449 GC heap after
Heap after GC invocations=15 (full 1):
 def new generation   total 5888K, used 9K [0x03c00000, 0x04260000, 0x09150000)
  eden space 5248K,   0% used [0x03c00000, 0x03c00000, 0x04120000)
  from space 640K,   1% used [0x041c0000, 0x041c27f0, 0x04260000)
  to   space 640K,   0% used [0x04120000, 0x04120000, 0x041c0000)
 tenured generation   total 12948K, used 7767K [0x09150000, 0x09df5000, 0x13c00000)
   the space 12948K,  59% used [0x09150000, 0x098e5fe8, 0x098e6000, 0x09df5000)
 Metaspace       used 11709K, capacity 11916K, committed 12032K, reserved 12672K
}

Deoptimization events (0 events):
No events

Internal exceptions (10 events):
Event: 0.471 Thread 0x019a4400 Exception <a 'java/lang/ClassNotFoundException': TreeCell> (0x03eb18f8) thrown at [C:\re\workspace\8-2-build-windows-i586-cygwin\jdk8u101\7261\hotspot\src\share\vm\classfile\systemDictionary.cpp, line 210]
Event: 0.472 Thread 0x019a4400 Exception <a 'java/lang/ClassNotFoundException': RootPane> (0x03eb2270) thrown at [C:\re\workspace\8-2-build-windows-i586-cygwin\jdk8u101\7261\hotspot\src\share\vm\classfile\systemDictionary.cpp, line 210]
Event: 10.709 Thread 0x14dc4800 Exception <a 'java/io/FileNotFoundException'> (0x03f83e70) thrown at [C:\re\workspace\8-2-build-windows-i586-cygwin\jdk8u101\7261\hotspot\src\share\vm\prims\jni.cpp, line 709]
Event: 10.737 Thread 0x14dc4800 Exception <a 'java/io/FileNotFoundException'> (0x03f961d0) thrown at [C:\re\workspace\8-2-build-windows-i586-cygwin\jdk8u101\7261\hotspot\src\share\vm\prims\jni.cpp, line 709]
Event: 10.739 Thread 0x14dc4800 Exception <a 'java/io/FileNotFoundException'> (0x03fa34f8) thrown at [C:\re\workspace\8-2-build-windows-i586-cygwin\jdk8u101\7261\hotspot\src\share\vm\prims\jni.cpp, line 709]
Event: 10.756 Thread 0x14dc4800 Exception <a 'java/io/FileNotFoundException'> (0x03fb5398) thrown at [C:\re\workspace\8-2-build-windows-i586-cygwin\jdk8u101\7261\hotspot\src\share\vm\prims\jni.cpp, line 709]
Event: 10.760 Thread 0x14dc4800 Exception <a 'java/io/FileNotFoundException'> (0x03fc41e0) thrown at [C:\re\workspace\8-2-build-windows-i586-cygwin\jdk8u101\7261\hotspot\src\share\vm\prims\jni.cpp, line 709]
Event: 10.773 Thread 0x14dc4800 Exception <a 'java/io/FileNotFoundException'> (0x03fd6080) thrown at [C:\re\workspace\8-2-build-windows-i586-cygwin\jdk8u101\7261\hotspot\src\share\vm\prims\jni.cpp, line 709]
Event: 14.512 Thread 0x14dc4800 Exception <a 'java/io/FileNotFoundException'> (0x03d3f988) thrown at [C:\re\workspace\8-2-build-windows-i586-cygwin\jdk8u101\7261\hotspot\src\share\vm\prims\jni.cpp, line 709]
Event: 14.538 Thread 0x14dc4800 Exception <a 'java/io/FileNotFoundException'> (0x03d51800) thrown at [C:\re\workspace\8-2-build-windows-i586-cygwin\jdk8u101\7261\hotspot\src\share\vm\prims\jni.cpp, line 709]

Events (10 events):
Event: 31.264 Executing VM operation: GenCollectForAllocation done
Event: 31.678 Executing VM operation: RevokeBias
Event: 31.678 Executing VM operation: RevokeBias done
Event: 32.638 Executing VM operation: GenCollectForAllocation
Event: 32.676 Executing VM operation: GenCollectForAllocation done
Event: 32.683 loading class sun/font/StrikeCache$2
Event: 32.697 loading class sun/font/StrikeCache$2 done
Event: 35.446 Executing VM operation: GenCollectForAllocation
Event: 35.449 Executing VM operation: GenCollectForAllocation done
Event: 53.900 Thread 0x14e5d400 Thread exited: 0x14e5d400


Dynamic libraries:
0x01140000 - 0x01173000 	C:\Program Files\Java\jdk1.8.0_101\bin\java.exe
0x770d0000 - 0x77212000 	C:\Windows\SYSTEM32\ntdll.dll
0x77240000 - 0x77315000 	C:\Windows\system32\kernel32.dll
0x751c0000 - 0x7520b000 	C:\Windows\system32\KERNELBASE.dll
0x757c0000 - 0x75861000 	C:\Windows\system32\ADVAPI32.dll
0x75ea0000 - 0x75f4c000 	C:\Windows\system32\msvcrt.dll
0x75870000 - 0x75889000 	C:\Windows\SYSTEM32\sechost.dll
0x77020000 - 0x770c2000 	C:\Windows\system32\RPCRT4.dll
0x75a80000 - 0x75b49000 	C:\Windows\system32\USER32.dll
0x75970000 - 0x759be000 	C:\Windows\system32\GDI32.dll
0x77230000 - 0x7723a000 	C:\Windows\system32\LPK.dll
0x75430000 - 0x754cd000 	C:\Windows\system32\USP10.dll
0x73de0000 - 0x73f7e000 	C:\Windows\WinSxS\x86_microsoft.windows.common-controls_6595b64144ccf1df_6.0.7601.18837_none_41e855142bd5705d\COMCTL32.dll
0x75f50000 - 0x75fa7000 	C:\Windows\system32\SHLWAPI.dll
0x754e0000 - 0x754ff000 	C:\Windows\system32\IMM32.DLL
0x75360000 - 0x7542c000 	C:\Windows\system32\MSCTF.dll
0x503c0000 - 0x5047f000 	C:\Program Files\Java\jdk1.8.0_101\jre\bin\msvcr100.dll
0x779f0000 - 0x77dbc000 	C:\Program Files\Java\jdk1.8.0_101\jre\bin\client\jvm.dll
0x61f20000 - 0x61f27000 	C:\Windows\system32\WSOCK32.dll
0x76da0000 - 0x76dd5000 	C:\Windows\system32\WS2_32.dll
0x754d0000 - 0x754d6000 	C:\Windows\system32\NSI.dll
0x73230000 - 0x73262000 	C:\Windows\system32\WINMM.dll
0x74350000 - 0x74359000 	C:\Windows\system32\VERSION.dll
0x77220000 - 0x77225000 	C:\Windows\system32\PSAPI.DLL
0x73dd0000 - 0x73ddc000 	C:\Program Files\Java\jdk1.8.0_101\jre\bin\verify.dll
0x50350000 - 0x50371000 	C:\Program Files\Java\jdk1.8.0_101\jre\bin\java.dll
0x6dfc0000 - 0x6dfd3000 	C:\Program Files\Java\jdk1.8.0_101\jre\bin\zip.dll
0x76150000 - 0x76d9c000 	C:\Windows\system32\SHELL32.dll
0x75660000 - 0x757bd000 	C:\Windows\system32\ole32.dll
0x75040000 - 0x7504b000 	C:\Windows\system32\profapi.dll
0x50160000 - 0x502a5000 	C:\Program Files\Java\jdk1.8.0_101\jre\bin\awt.dll
0x75e00000 - 0x75e91000 	C:\Windows\system32\OLEAUT32.dll
0x73c60000 - 0x73ca0000 	C:\Windows\system32\uxtheme.dll
0x73920000 - 0x73933000 	C:\Windows\system32\dwmapi.dll
0x74f50000 - 0x74f5c000 	C:\Windows\system32\CRYPTBASE.dll
0x50120000 - 0x50159000 	C:\Program Files\Java\jdk1.8.0_101\jre\bin\fontmanager.dll
0x53d80000 - 0x53f43000 	C:\Windows\system32\d3d9.dll
0x702f0000 - 0x702f6000 	C:\Windows\system32\d3d8thk.dll
0x64630000 - 0x64d86000 	C:\Windows\system32\nvd3dum.dll
0x73580000 - 0x735a5000 	C:\Windows\system32\powrprof.dll
0x75fb0000 - 0x7614d000 	C:\Windows\system32\SETUPAPI.dll
0x75050000 - 0x75077000 	C:\Windows\system32\CFGMGR32.dll
0x750e0000 - 0x750f2000 	C:\Windows\system32\DEVOBJ.dll
0x16d10000 - 0x16e1a000 	C:\Windows\system32\nvapi.dll
0x75080000 - 0x750af000 	C:\Windows\system32\WINTRUST.dll
0x75230000 - 0x75351000 	C:\Windows\system32\CRYPT32.dll
0x75030000 - 0x7503c000 	C:\Windows\system32\MSASN1.dll
0x502d0000 - 0x502e6000 	C:\Program Files\Java\jdk1.8.0_101\jre\bin\net.dll
0x74a00000 - 0x74a3c000 	C:\Windows\system32\mswsock.dll
0x749f0000 - 0x749f6000 	C:\Windows\System32\wship6.dll
0x73dc0000 - 0x73dcf000 	C:\Program Files\Java\jdk1.8.0_101\jre\bin\nio.dll
0x500e0000 - 0x50112000 	C:\Program Files\Java\jdk1.8.0_101\jre\bin\t2k.dll
0x759f0000 - 0x75a73000 	C:\Windows\system32\CLBCatQ.DLL
0x72550000 - 0x72574000 	C:\Program Files\Java\jdk1.8.0_101\jre\bin\dcpr.dll
0x743e0000 - 0x743e5000 	C:\Windows\System32\wshtcpip.dll
0x748c0000 - 0x74904000 	C:\Windows\system32\DNSAPI.dll
0x72be0000 - 0x72bfc000 	C:\Windows\system32\IPHLPAPI.DLL
0x72bd0000 - 0x72bd7000 	C:\Windows\system32\WINNSI.DLL
0x702b0000 - 0x702b6000 	C:\Windows\system32\rasadhlp.dll
0x716e0000 - 0x71718000 	C:\Windows\System32\fwpuclnt.dll
0x737b0000 - 0x738e1000 	C:\Windows\system32\WindowsCodecs.dll
0x74f00000 - 0x74f4c000 	C:\Windows\system32\apphelp.dll
0x639e0000 - 0x63a18000 	C:\Program Files\Dropbox\Client\DropboxExt.43.dll
0x639a0000 - 0x639d1000 	C:\Windows\system32\EhStorShell.dll
0x73ca0000 - 0x73d95000 	C:\Windows\system32\PROPSYS.dll
0x144c0000 - 0x144df000 	C:\JavaRXTX\x86\rxtxSerial.dll
0x707b0000 - 0x7089b000 	C:\Windows\system32\dbghelp.dll

VM Arguments:
jvm_args: -Dfile.encoding=UTF-8 
java_command: com.app.vista.ig.Splash
java_class_path (initial): C:\Users\hyper\Documents\NetBeansProjects\ProyectoDeInstrumentacion\lib\PanamaHitek_Arduino.v2.7.0.jar;C:\Program Files\NetBeans 8.1\ide\modules\ext\mysql-connector-java-5.1.23-bin.jar;C:\Users\hyper\Documents\NetBeansProjects\ProyectoDeInstrumentacion\lib\jcommon-1.0.23.jar;C:\Users\hyper\Documents\NetBeansProjects\ProyectoDeInstrumentacion\lib\jfreechart-1.0.19.jar;C:\Users\hyper\Documents\NetBeansProjects\ProyectoDeInstrumentacion\build\classes
Launcher Type: SUN_STANDARD

Environment Variables:
PATH=C:\ProgramData\Oracle\Java\javapath;C:\Windows\system32;C:\Windows;C:\Windows\System32\Wbem;C:\Windows\System32\WindowsPowerShell\v1.0\;C:\Program Files\Git\cmd;C:\Program Files\MySQL\MySQL Fabric 1.5 & MySQL Utilities 1.5\;C:\Program Files\MySQL\MySQL Fabric 1.5 & MySQL Utilities 1.5\Doctrine extensions for PHP\
USERNAME=hyper
OS=Windows_NT
PROCESSOR_IDENTIFIER=x86 Family 16 Model 6 Stepping 2, AuthenticAMD



---------------  S Y S T E M  ---------------

OS: Windows 7 Build 7601 (6.1.7601.23392)

CPU:total 1 (1 cores per cpu, 1 threads per core) family 16 model 6 stepping 2, cmov, cx8, fxsr, mmx, sse, sse2, sse3, popcnt, mmxext, 3dnowpref, lzcnt, sse4a, tsc, tscinvbit, tscinv

Memory: 4k page, physical 1834296k(211412k free), swap 3668592k(1328716k free)

vm_info: Java HotSpot(TM) Client VM (25.101-b13) for windows-x86 JRE (1.8.0_101-b13), built on Jun 22 2016 00:45:44 by "java_re" with MS VC++ 10.0 (VS2010)

time: Tue Sep 27 21:12:33 2016
elapsed time: 54 seconds (0d 0h 0m 54s)

