#
# A fatal error has been detected by the Java Runtime Environment:
#
#  EXCEPTION_ACCESS_VIOLATION (0xc0000005) at pc=0x145a3f85, pid=6112, tid=0x000010c4
#
# JRE version: Java(TM) SE Runtime Environment (8.0_101-b13) (build 1.8.0_101-b13)
# Java VM: Java HotSpot(TM) Client VM (25.101-b13 mixed mode windows-x86 )
# Problematic frame:
# C  [rxtxSerial.dll+0x3f85]
#
# Failed to write core dump. Minidumps are not enabled by default on client versions of Windows
#
# If you would like to submit a bug report, please visit:
#   http://bugreport.java.com/bugreport/crash.jsp
# The crash happened outside the Java Virtual Machine in native code.
# See problematic frame for where to report the bug.
#

---------------  T H R E A D  ---------------

Current thread (0x14258800):  JavaThread "Thread-4" [_thread_in_native, id=4292, stack(0x17950000,0x179a0000)]

siginfo: ExceptionCode=0xc0000005, writing address 0x178cf2a8

Registers:
EAX=0x00000001, EBX=0x00000001, ECX=0x7ffa7000, EDX=0x00000000
ESP=0x1799f358, EBP=0xffffffff, ESI=0x00000000, EDI=0x178cf2a0
EIP=0x145a3f85, EFLAGS=0x00010297

Top of Stack: (sp=0x1799f358)
0x1799f358:   1799f3c8 14258940 1799f3d8 00000001
0x1799f368:   00000001 00000003 00000000 145a40b3
0x1799f378:   14258940 1799f3c4 00000001 1799f3c0
0x1799f388:   00000001 ffffffff 14258940 1799f3c8
0x1799f398:   145b8af0 145b8aec 14258940 1799f3c8
0x1799f3a8:   145b8ae8 145b8ae4 14258800 09700520
0x1799f3b8:   00000000 01d54e53 14258940 1799f3c8
0x1799f3c8:   09700520 175ad3e0 00000000 175947b0 

Instructions: (pc=0x145a3f85)
0x145a3f65:   c6 5e 5d 5b 83 c4 0c c3 e8 19 4d 00 00 83 38 04
0x145a3f75:   74 1c e8 0f 4d 00 00 83 38 0b 74 12 8b 44 24 10
0x145a3f85:   89 47 08 5f 5e 5d 83 c8 ff 5b 83 c4 0c c3 8b 4c
0x145a3f95:   24 10 89 4f 08 5f 5e 5d 83 c8 ff 5b 83 c4 0c c3 


Register to memory mapping:

EAX=0x00000001 is an unknown value
EBX=0x00000001 is an unknown value
ECX=0x7ffa7000 is an unknown value
EDX=0x00000000 is an unknown value
ESP=0x1799f358 is pointing into the stack for thread: 0x14258800
EBP=0xffffffff is an unknown value
ESI=0x00000000 is an unknown value
EDI=0x178cf2a0 is an unknown value


Stack: [0x17950000,0x179a0000],  sp=0x1799f358,  free space=316k
Native frames: (J=compiled Java code, j=interpreted, Vv=VM code, C=native code)
C  [rxtxSerial.dll+0x3f85]

Java frames: (J=compiled Java code, j=interpreted, Vv=VM code)
J 1289  gnu.io.RXTXPort.readByte()I (0 bytes) @ 0x01d54e0f [0x01d54dd0+0x3f]
J 1287 C1 gnu.io.RXTXPort$SerialInputStream.read()I (167 bytes) @ 0x01d53f24 [0x01d53cb0+0x274]
J 1286 C1 panamahitek.Arduino.PanamaHitek_Arduino.receiveData()I (133 bytes) @ 0x01d532ce [0x01d53220+0xae]
J 1285 C1 panamahitek.Arduino.PanamaHitek_Arduino.serialRead()V (83 bytes) @ 0x01d52775 [0x01d52740+0x35]
J 1290 C1 panamahitek.Arduino.PanamaHitek_Arduino.printMessage()Ljava/lang/String; (40 bytes) @ 0x01d550a6 [0x01d55060+0x46]
J 1297 C1 com.app.modelo.arduino.ComunicacionArduino.leerMensaje()Ljava/lang/String; (25 bytes) @ 0x01d56d14 [0x01d56ce0+0x34]
j  com.app.controlador.muestreo.MostrarComunicacion.run()V+93
v  ~StubRoutines::call_stub

---------------  P R O C E S S  ---------------

Java Threads: ( => current thread )
=>0x14258800 JavaThread "Thread-4" [_thread_in_native, id=4292, stack(0x17950000,0x179a0000)]
  0x14fc2800 JavaThread "TimerQueue" daemon [_thread_blocked, id=1224, stack(0x176b0000,0x17700000)]
  0x1503b800 JavaThread "Abandoned connection cleanup thread" daemon [_thread_blocked, id=2168, stack(0x183a0000,0x183f0000)]
  0x14ffa800 JavaThread "D3D Screen Updater" daemon [_thread_blocked, id=4316, stack(0x14810000,0x14860000)]
  0x019c4400 JavaThread "DestroyJavaVM" [_thread_blocked, id=5844, stack(0x01220000,0x01270000)]
  0x14e44800 JavaThread "AWT-EventQueue-0" [_thread_blocked, id=484, stack(0x153e0000,0x15430000)]
  0x1420c000 JavaThread "AWT-Windows" daemon [_thread_in_native, id=5796, stack(0x14450000,0x144a0000)]
  0x1420b400 JavaThread "AWT-Shutdown" [_thread_blocked, id=6044, stack(0x14860000,0x148b0000)]
  0x14208c00 JavaThread "Java2D Disposer" daemon [_thread_blocked, id=5028, stack(0x148f0000,0x14940000)]
  0x140c2000 JavaThread "Service Thread" daemon [_thread_blocked, id=1848, stack(0x142f0000,0x14340000)]
  0x140a1800 JavaThread "C1 CompilerThread0" daemon [_thread_blocked, id=5344, stack(0x144b0000,0x14500000)]
  0x140b1400 JavaThread "Attach Listener" daemon [_thread_blocked, id=4444, stack(0x145d0000,0x14620000)]
  0x140ae400 JavaThread "Signal Dispatcher" daemon [_thread_blocked, id=6132, stack(0x14550000,0x145a0000)]
  0x1408f400 JavaThread "Finalizer" daemon [_thread_blocked, id=5960, stack(0x143c0000,0x14410000)]
  0x14069800 JavaThread "Reference Handler" daemon [_thread_blocked, id=4648, stack(0x14340000,0x14390000)]

Other Threads:
  0x14063400 VMThread [stack: 0x14280000,0x142d0000] [id=3656]
  0x140ac000 WatcherThread [stack: 0x14780000,0x147d0000] [id=5604]

VM state:not at safepoint (normal execution)

VM Mutex/Monitor currently owned by a thread: None

Heap:
 def new generation   total 4928K, used 2395K [0x03c00000, 0x04150000, 0x09150000)
  eden space 4416K,  53% used [0x03c00000, 0x03e4eff0, 0x04050000)
  from space 512K,   6% used [0x040d0000, 0x040d7fe0, 0x04150000)
  to   space 512K,   0% used [0x04050000, 0x04050000, 0x040d0000)
 tenured generation   total 10944K, used 6640K [0x09150000, 0x09c00000, 0x13c00000)
   the space 10944K,  60% used [0x09150000, 0x097cc070, 0x097cc200, 0x09c00000)
 Metaspace       used 11533K, capacity 11742K, committed 11776K, reserved 12672K

Card table byte_map: [0x01270000,0x01300000] byte_map_base: 0x01252000

Polling page: 0x00270000

CodeCache: size=32768Kb used=2991Kb max_used=2991Kb free=29776Kb
 bounds [0x01ac0000, 0x01db0000, 0x03ac0000]
 total_blobs=1781 nmethods=1482 adapters=229
 compilation: enabled

Compilation events (10 events):
Event: 56.417 Thread 0x140a1800 1484             sun.awt.geom.ChainEnd::linkTo (198 bytes)
Event: 56.418 Thread 0x140a1800 nmethod 1484 0x01daae08 code [0x01daaf40, 0x01dab194]
Event: 56.808 Thread 0x140a1800 1485             javax.swing.AbstractButton::paintBorder (13 bytes)
Event: 56.808 Thread 0x140a1800 nmethod 1485 0x01dab488 code [0x01dab590, 0x01dab66c]
Event: 56.809 Thread 0x140a1800 1486             javax.swing.AbstractButton::isBorderPainted (5 bytes)
Event: 56.809 Thread 0x140a1800 nmethod 1486 0x01dab708 code [0x01dab800, 0x01dab880]
Event: 56.877 Thread 0x140a1800 1487             sun.font.GlyphList::setFromString (75 bytes)
Event: 56.881 Thread 0x140a1800 nmethod 1487 0x01dab8c8 code [0x01dab9e0, 0x01dabb20]
Event: 56.887 Thread 0x140a1800 1488             javax.swing.plaf.nimbus.ImageCache::isImageCachable (16 bytes)
Event: 56.887 Thread 0x140a1800 nmethod 1488 0x01dabc88 code [0x01dabd80, 0x01dabe20]

GC Heap History (10 events):
Event: 28.912 GC heap before
{Heap before GC invocations=6 (full 0):
 def new generation   total 4928K, used 4928K [0x03c00000, 0x04150000, 0x09150000)
  eden space 4416K, 100% used [0x03c00000, 0x04050000, 0x04050000)
  from space 512K, 100% used [0x04050000, 0x040d0000, 0x040d0000)
  to   space 512K,   0% used [0x040d0000, 0x040d0000, 0x04150000)
 tenured generation   total 10944K, used 6207K [0x09150000, 0x09c00000, 0x13c00000)
   the space 10944K,  56% used [0x09150000, 0x0975fd68, 0x0975fe00, 0x09c00000)
 Metaspace       used 11532K, capacity 11742K, committed 11776K, reserved 12672K
Event: 28.916 GC heap after
Heap after GC invocations=7 (full 0):
 def new generation   total 4928K, used 14K [0x03c00000, 0x04150000, 0x09150000)
  eden space 4416K,   0% used [0x03c00000, 0x03c00000, 0x04050000)
  from space 512K,   2% used [0x040d0000, 0x040d38a8, 0x04150000)
  to   space 512K,   0% used [0x04050000, 0x04050000, 0x040d0000)
 tenured generation   total 10944K, used 6640K [0x09150000, 0x09c00000, 0x13c00000)
   the space 10944K,  60% used [0x09150000, 0x097cc070, 0x097cc200, 0x09c00000)
 Metaspace       used 11532K, capacity 11742K, committed 11776K, reserved 12672K
}
Event: 34.723 GC heap before
{Heap before GC invocations=7 (full 0):
 def new generation   total 4928K, used 4430K [0x03c00000, 0x04150000, 0x09150000)
  eden space 4416K, 100% used [0x03c00000, 0x04050000, 0x04050000)
  from space 512K,   2% used [0x040d0000, 0x040d38a8, 0x04150000)
  to   space 512K,   0% used [0x04050000, 0x04050000, 0x040d0000)
 tenured generation   total 10944K, used 6640K [0x09150000, 0x09c00000, 0x13c00000)
   the space 10944K,  60% used [0x09150000, 0x097cc070, 0x097cc200, 0x09c00000)
 Metaspace       used 11532K, capacity 11742K, committed 11776K, reserved 12672K
Event: 34.725 GC heap after
Heap after GC invocations=8 (full 0):
 def new generation   total 4928K, used 18K [0x03c00000, 0x04150000, 0x09150000)
  eden space 4416K,   0% used [0x03c00000, 0x03c00000, 0x04050000)
  from space 512K,   3% used [0x04050000, 0x04054af0, 0x040d0000)
  to   space 512K,   0% used [0x040d0000, 0x040d0000, 0x04150000)
 tenured generation   total 10944K, used 6640K [0x09150000, 0x09c00000, 0x13c00000)
   the space 10944K,  60% used [0x09150000, 0x097cc070, 0x097cc200, 0x09c00000)
 Metaspace       used 11532K, capacity 11742K, committed 11776K, reserved 12672K
}
Event: 40.771 GC heap before
{Heap before GC invocations=8 (full 0):
 def new generation   total 4928K, used 4434K [0x03c00000, 0x04150000, 0x09150000)
  eden space 4416K, 100% used [0x03c00000, 0x04050000, 0x04050000)
  from space 512K,   3% used [0x04050000, 0x04054af0, 0x040d0000)
  to   space 512K,   0% used [0x040d0000, 0x040d0000, 0x04150000)
 tenured generation   total 10944K, used 6640K [0x09150000, 0x09c00000, 0x13c00000)
   the space 10944K,  60% used [0x09150000, 0x097cc070, 0x097cc200, 0x09c00000)
 Metaspace       used 11532K, capacity 11742K, committed 11776K, reserved 12672K
Event: 40.776 GC heap after
Heap after GC invocations=9 (full 0):
 def new generation   total 4928K, used 27K [0x03c00000, 0x04150000, 0x09150000)
  eden space 4416K,   0% used [0x03c00000, 0x03c00000, 0x04050000)
  from space 512K,   5% used [0x040d0000, 0x040d6ed0, 0x04150000)
  to   space 512K,   0% used [0x04050000, 0x04050000, 0x040d0000)
 tenured generation   total 10944K, used 6640K [0x09150000, 0x09c00000, 0x13c00000)
   the space 10944K,  60% used [0x09150000, 0x097cc070, 0x097cc200, 0x09c00000)
 Metaspace       used 11532K, capacity 11742K, committed 11776K, reserved 12672K
}
Event: 47.378 GC heap before
{Heap before GC invocations=9 (full 0):
 def new generation   total 4928K, used 4443K [0x03c00000, 0x04150000, 0x09150000)
  eden space 4416K, 100% used [0x03c00000, 0x04050000, 0x04050000)
  from space 512K,   5% used [0x040d0000, 0x040d6ed0, 0x04150000)
  to   space 512K,   0% used [0x04050000, 0x04050000, 0x040d0000)
 tenured generation   total 10944K, used 6640K [0x09150000, 0x09c00000, 0x13c00000)
   the space 10944K,  60% used [0x09150000, 0x097cc070, 0x097cc200, 0x09c00000)
 Metaspace       used 11532K, capacity 11742K, committed 11776K, reserved 12672K
Event: 47.380 GC heap after
Heap after GC invocations=10 (full 0):
 def new generation   total 4928K, used 31K [0x03c00000, 0x04150000, 0x09150000)
  eden space 4416K,   0% used [0x03c00000, 0x03c00000, 0x04050000)
  from space 512K,   6% used [0x04050000, 0x04057fa0, 0x040d0000)
  to   space 512K,   0% used [0x040d0000, 0x040d0000, 0x04150000)
 tenured generation   total 10944K, used 6640K [0x09150000, 0x09c00000, 0x13c00000)
   the space 10944K,  60% used [0x09150000, 0x097cc070, 0x097cc200, 0x09c00000)
 Metaspace       used 11532K, capacity 11742K, committed 11776K, reserved 12672K
}
Event: 53.802 GC heap before
{Heap before GC invocations=10 (full 0):
 def new generation   total 4928K, used 4447K [0x03c00000, 0x04150000, 0x09150000)
  eden space 4416K, 100% used [0x03c00000, 0x04050000, 0x04050000)
  from space 512K,   6% used [0x04050000, 0x04057fa0, 0x040d0000)
  to   space 512K,   0% used [0x040d0000, 0x040d0000, 0x04150000)
 tenured generation   total 10944K, used 6640K [0x09150000, 0x09c00000, 0x13c00000)
   the space 10944K,  60% used [0x09150000, 0x097cc070, 0x097cc200, 0x09c00000)
 Metaspace       used 11532K, capacity 11742K, committed 11776K, reserved 12672K
Event: 53.804 GC heap after
Heap after GC invocations=11 (full 0):
 def new generation   total 4928K, used 31K [0x03c00000, 0x04150000, 0x09150000)
  eden space 4416K,   0% used [0x03c00000, 0x03c00000, 0x04050000)
  from space 512K,   6% used [0x040d0000, 0x040d7fe0, 0x04150000)
  to   space 512K,   0% used [0x04050000, 0x04050000, 0x040d0000)
 tenured generation   total 10944K, used 6640K [0x09150000, 0x09c00000, 0x13c00000)
   the space 10944K,  60% used [0x09150000, 0x097cc070, 0x097cc200, 0x09c00000)
 Metaspace       used 11532K, capacity 11742K, committed 11776K, reserved 12672K
}

Deoptimization events (0 events):
No events

Internal exceptions (10 events):
Event: 0.622 Thread 0x019c4400 Exception <a 'java/lang/ClassNotFoundException': TreeCell> (0x03eb18f8) thrown at [C:\re\workspace\8-2-build-windows-i586-cygwin\jdk8u101\7261\hotspot\src\share\vm\classfile\systemDictionary.cpp, line 210]
Event: 0.623 Thread 0x019c4400 Exception <a 'java/lang/ClassNotFoundException': RootPane> (0x03eb2270) thrown at [C:\re\workspace\8-2-build-windows-i586-cygwin\jdk8u101\7261\hotspot\src\share\vm\classfile\systemDictionary.cpp, line 210]
Event: 13.607 Thread 0x14e44800 Exception <a 'java/io/FileNotFoundException'> (0x03f7bfe8) thrown at [C:\re\workspace\8-2-build-windows-i586-cygwin\jdk8u101\7261\hotspot\src\share\vm\prims\jni.cpp, line 709]
Event: 13.688 Thread 0x14e44800 Exception <a 'java/io/FileNotFoundException'> (0x03f8e4a0) thrown at [C:\re\workspace\8-2-build-windows-i586-cygwin\jdk8u101\7261\hotspot\src\share\vm\prims\jni.cpp, line 709]
Event: 13.690 Thread 0x14e44800 Exception <a 'java/io/FileNotFoundException'> (0x03f9b7c0) thrown at [C:\re\workspace\8-2-build-windows-i586-cygwin\jdk8u101\7261\hotspot\src\share\vm\prims\jni.cpp, line 709]
Event: 13.770 Thread 0x14e44800 Exception <a 'java/io/FileNotFoundException'> (0x03fad668) thrown at [C:\re\workspace\8-2-build-windows-i586-cygwin\jdk8u101\7261\hotspot\src\share\vm\prims\jni.cpp, line 709]
Event: 13.773 Thread 0x14e44800 Exception <a 'java/io/FileNotFoundException'> (0x03fbc408) thrown at [C:\re\workspace\8-2-build-windows-i586-cygwin\jdk8u101\7261\hotspot\src\share\vm\prims\jni.cpp, line 709]
Event: 13.850 Thread 0x14e44800 Exception <a 'java/io/FileNotFoundException'> (0x03fce2b0) thrown at [C:\re\workspace\8-2-build-windows-i586-cygwin\jdk8u101\7261\hotspot\src\share\vm\prims\jni.cpp, line 709]
Event: 17.347 Thread 0x14e44800 Exception <a 'java/io/FileNotFoundException'> (0x03d58398) thrown at [C:\re\workspace\8-2-build-windows-i586-cygwin\jdk8u101\7261\hotspot\src\share\vm\prims\jni.cpp, line 709]
Event: 17.437 Thread 0x14e44800 Exception <a 'java/io/FileNotFoundException'> (0x03d6a250) thrown at [C:\re\workspace\8-2-build-windows-i586-cygwin\jdk8u101\7261\hotspot\src\share\vm\prims\jni.cpp, line 709]

Events (10 events):
Event: 40.776 Executing VM operation: GenCollectForAllocation done
Event: 47.378 Executing VM operation: GenCollectForAllocation
Event: 47.381 Executing VM operation: GenCollectForAllocation done
Event: 53.801 Executing VM operation: GenCollectForAllocation
Event: 53.804 Executing VM operation: GenCollectForAllocation done
Event: 56.833 Executing VM operation: RevokeBias
Event: 56.855 Executing VM operation: RevokeBias done
Event: 56.855 Executing VM operation: RevokeBias
Event: 56.855 Executing VM operation: RevokeBias done
Event: 56.866 Thread 0x14257400 Thread exited: 0x14257400


Dynamic libraries:
0x01320000 - 0x01353000 	C:\Program Files\Java\jdk1.8.0_101\bin\java.exe
0x77c50000 - 0x77d92000 	C:\Windows\SYSTEM32\ntdll.dll
0x77af0000 - 0x77bc5000 	C:\Windows\system32\kernel32.dll
0x75bd0000 - 0x75c1b000 	C:\Windows\system32\KERNELBASE.dll
0x768f0000 - 0x76991000 	C:\Windows\system32\ADVAPI32.dll
0x76740000 - 0x767ec000 	C:\Windows\system32\msvcrt.dll
0x76440000 - 0x76459000 	C:\Windows\SYSTEM32\sechost.dll
0x767f0000 - 0x76892000 	C:\Windows\system32\RPCRT4.dll
0x77a20000 - 0x77ae9000 	C:\Windows\system32\USER32.dll
0x768a0000 - 0x768ee000 	C:\Windows\system32\GDI32.dll
0x77dc0000 - 0x77dca000 	C:\Windows\system32\LPK.dll
0x76170000 - 0x7620d000 	C:\Windows\system32\USP10.dll
0x74960000 - 0x74afe000 	C:\Windows\WinSxS\x86_microsoft.windows.common-controls_6595b64144ccf1df_6.0.7601.18837_none_41e855142bd5705d\COMCTL32.dll
0x77e40000 - 0x77e97000 	C:\Windows\system32\SHLWAPI.dll
0x77e10000 - 0x77e2f000 	C:\Windows\system32\IMM32.DLL
0x76d00000 - 0x76dcc000 	C:\Windows\system32\MSCTF.dll
0x55e40000 - 0x55eff000 	C:\Program Files\Java\jdk1.8.0_101\jre\bin\msvcr100.dll
0x54f90000 - 0x5535c000 	C:\Program Files\Java\jdk1.8.0_101\jre\bin\client\jvm.dll
0x6e330000 - 0x6e337000 	C:\Windows\system32\WSOCK32.dll
0x75ed0000 - 0x75f05000 	C:\Windows\system32\WS2_32.dll
0x77e00000 - 0x77e06000 	C:\Windows\system32\NSI.dll
0x73d90000 - 0x73dc2000 	C:\Windows\system32\WINMM.dll
0x74ed0000 - 0x74ed9000 	C:\Windows\system32\VERSION.dll
0x77e30000 - 0x77e35000 	C:\Windows\system32\PSAPI.DLL
0x6e2c0000 - 0x6e2cc000 	C:\Program Files\Java\jdk1.8.0_101\jre\bin\verify.dll
0x6e290000 - 0x6e2b1000 	C:\Program Files\Java\jdk1.8.0_101\jre\bin\java.dll
0x6e270000 - 0x6e283000 	C:\Program Files\Java\jdk1.8.0_101\jre\bin\zip.dll
0x76dd0000 - 0x77a1c000 	C:\Windows\system32\SHELL32.dll
0x76b40000 - 0x76c9d000 	C:\Windows\system32\ole32.dll
0x75bb0000 - 0x75bbb000 	C:\Windows\system32\profapi.dll
0x54bc0000 - 0x54d05000 	C:\Program Files\Java\jdk1.8.0_101\jre\bin\awt.dll
0x76460000 - 0x764f1000 	C:\Windows\system32\OLEAUT32.dll
0x747e0000 - 0x74820000 	C:\Windows\system32\uxtheme.dll
0x744a0000 - 0x744b3000 	C:\Windows\system32\dwmapi.dll
0x75ad0000 - 0x75adc000 	C:\Windows\system32\CRYPTBASE.dll
0x60cb0000 - 0x60ce9000 	C:\Program Files\Java\jdk1.8.0_101\jre\bin\fontmanager.dll
0x5cde0000 - 0x5cfa3000 	C:\Windows\system32\d3d9.dll
0x5f200000 - 0x5f206000 	C:\Windows\system32\d3d8thk.dll
0x6f1e0000 - 0x6f936000 	C:\Windows\system32\nvd3dum.dll
0x73ef0000 - 0x73f15000 	C:\Windows\system32\powrprof.dll
0x769a0000 - 0x76b3d000 	C:\Windows\system32\SETUPAPI.dll
0x75d00000 - 0x75d27000 	C:\Windows\system32\CFGMGR32.dll
0x75e90000 - 0x75ea2000 	C:\Windows\system32\DEVOBJ.dll
0x16d60000 - 0x16e6a000 	C:\Windows\system32\nvapi.dll
0x75d30000 - 0x75d5f000 	C:\Windows\system32\WINTRUST.dll
0x75d60000 - 0x75e81000 	C:\Windows\system32\CRYPT32.dll
0x75bc0000 - 0x75bcc000 	C:\Windows\system32\MSASN1.dll
0x65bf0000 - 0x65c06000 	C:\Program Files\Java\jdk1.8.0_101\jre\bin\net.dll
0x75580000 - 0x755bc000 	C:\Windows\system32\mswsock.dll
0x75570000 - 0x75576000 	C:\Windows\System32\wship6.dll
0x6e260000 - 0x6e26f000 	C:\Program Files\Java\jdk1.8.0_101\jre\bin\nio.dll
0x5d0b0000 - 0x5d0e2000 	C:\Program Files\Java\jdk1.8.0_101\jre\bin\t2k.dll
0x76360000 - 0x763e3000 	C:\Windows\system32\CLBCatQ.DLL
0x60e30000 - 0x60e54000 	C:\Program Files\Java\jdk1.8.0_101\jre\bin\dcpr.dll
0x74f60000 - 0x74f65000 	C:\Windows\System32\wshtcpip.dll
0x75440000 - 0x75484000 	C:\Windows\system32\DNSAPI.dll
0x73790000 - 0x737ac000 	C:\Windows\system32\IPHLPAPI.DLL
0x73780000 - 0x73787000 	C:\Windows\system32\WINNSI.DLL
0x70e50000 - 0x70e56000 	C:\Windows\system32\rasadhlp.dll
0x72260000 - 0x72298000 	C:\Windows\System32\fwpuclnt.dll
0x74330000 - 0x74461000 	C:\Windows\system32\WindowsCodecs.dll
0x75a80000 - 0x75acc000 	C:\Windows\system32\apphelp.dll
0x6f0a0000 - 0x6f0d8000 	C:\Program Files\Dropbox\Client\DropboxExt.65536.dll
0x6f020000 - 0x6f051000 	C:\Windows\system32\EhStorShell.dll
0x74820000 - 0x74915000 	C:\Windows\system32\PROPSYS.dll
0x145a0000 - 0x145bf000 	C:\JavaRXTX\x86\rxtxSerial.dll
0x71310000 - 0x713fb000 	C:\Windows\system32\dbghelp.dll

VM Arguments:
jvm_args: -Dfile.encoding=UTF-8 
java_command: com.app.vista.ig.Splash
java_class_path (initial): C:\Users\hyper\Documents\NetBeansProjects\ProyectoDeInstrumentacion\lib\PanamaHitek_Arduino.v2.7.0.jar;C:\Program Files\NetBeans 8.1\ide\modules\ext\mysql-connector-java-5.1.23-bin.jar;C:\Users\hyper\Documents\NetBeansProjects\ProyectoDeInstrumentacion\lib\jcommon-1.0.23.jar;C:\Users\hyper\Documents\NetBeansProjects\ProyectoDeInstrumentacion\lib\jfreechart-1.0.19.jar;C:\Users\hyper\Documents\NetBeansProjects\ProyectoDeInstrumentacion\build\classes
Launcher Type: SUN_STANDARD

Environment Variables:
PATH=C:\ProgramData\Oracle\Java\javapath;C:\Windows\system32;C:\Windows;C:\Windows\System32\Wbem;C:\Windows\System32\WindowsPowerShell\v1.0\;C:\Program Files\Git\cmd;C:\Program Files\MySQL\MySQL Fabric 1.5 & MySQL Utilities 1.5\;C:\Program Files\MySQL\MySQL Fabric 1.5 & MySQL Utilities 1.5\Doctrine extensions for PHP\
USERNAME=hyper
OS=Windows_NT
PROCESSOR_IDENTIFIER=x86 Family 16 Model 6 Stepping 2, AuthenticAMD



---------------  S Y S T E M  ---------------

OS: Windows 7 Build 7601 (6.1.7601.23392)

CPU:total 1 (1 cores per cpu, 1 threads per core) family 16 model 6 stepping 2, cmov, cx8, fxsr, mmx, sse, sse2, sse3, popcnt, mmxext, 3dnowpref, lzcnt, sse4a, tsc, tscinvbit, tscinv

Memory: 4k page, physical 1834296k(247532k free), swap 3668592k(791216k free)

vm_info: Java HotSpot(TM) Client VM (25.101-b13) for windows-x86 JRE (1.8.0_101-b13), built on Jun 22 2016 00:45:44 by "java_re" with MS VC++ 10.0 (VS2010)

time: Sun Oct 02 17:04:38 2016
elapsed time: 57 seconds (0d 0h 0m 57s)

