#
# A fatal error has been detected by the Java Runtime Environment:
#
#  EXCEPTION_ACCESS_VIOLATION (0xc0000005) at pc=0x14423f85, pid=4320, tid=0x00000284
#
# JRE version: Java(TM) SE Runtime Environment (8.0_101-b13) (build 1.8.0_101-b13)
# Java VM: Java HotSpot(TM) Client VM (25.101-b13 mixed mode windows-x86 )
# Problematic frame:
# C  [rxtxSerial.dll+0x3f85]
#
# Failed to write core dump. Minidumps are not enabled by default on client versions of Windows
#
# If you would like to submit a bug report, please visit:
#   http://bugreport.java.com/bugreport/crash.jsp
# The crash happened outside the Java Virtual Machine in native code.
# See problematic frame for where to report the bug.
#

---------------  T H R E A D  ---------------

Current thread (0x14f39400):  JavaThread "Thread-4" [_thread_in_native, id=644, stack(0x14b90000,0x14be0000)]

siginfo: ExceptionCode=0xc0000005, writing address 0x14c7f1f8

Registers:
EAX=0x00000001, EBX=0x00000001, ECX=0x7ffa7000, EDX=0x00000000
ESP=0x14bdf7a8, EBP=0xffffffff, ESI=0x00000000, EDI=0x14c7f1f0
EIP=0x14423f85, EFLAGS=0x00010297

Top of Stack: (sp=0x14bdf7a8)
0x14bdf7a8:   14bdf818 14f39540 14bdf828 00000001
0x14bdf7b8:   00000001 00000007 00000000 144240b3
0x14bdf7c8:   14f39540 14bdf814 00000001 14bdf810
0x14bdf7d8:   00000001 ffffffff 14f39540 14bdf818
0x14bdf7e8:   14438af0 14438aec 14f39540 14bdf818
0x14bdf7f8:   14438ae8 14438ae4 14f39400 040d5b10
0x14bdf808:   00000000 01cc6613 14f39540 14bdf818
0x14bdf818:   040d5b10 17d8c1e8 00000000 17d7b810 

Instructions: (pc=0x14423f85)
0x14423f65:   c6 5e 5d 5b 83 c4 0c c3 e8 19 4d 00 00 83 38 04
0x14423f75:   74 1c e8 0f 4d 00 00 83 38 0b 74 12 8b 44 24 10
0x14423f85:   89 47 08 5f 5e 5d 83 c8 ff 5b 83 c4 0c c3 8b 4c
0x14423f95:   24 10 89 4f 08 5f 5e 5d 83 c8 ff 5b 83 c4 0c c3 


Register to memory mapping:

EAX=0x00000001 is an unknown value
EBX=0x00000001 is an unknown value
ECX=0x7ffa7000 is an unknown value
EDX=0x00000000 is an unknown value
ESP=0x14bdf7a8 is pointing into the stack for thread: 0x14f39400
EBP=0xffffffff is an unknown value
ESI=0x00000000 is an unknown value
EDI=0x14c7f1f0 is an unknown value


Stack: [0x14b90000,0x14be0000],  sp=0x14bdf7a8,  free space=317k
Native frames: (J=compiled Java code, j=interpreted, Vv=VM code, C=native code)
C  [rxtxSerial.dll+0x3f85]

Java frames: (J=compiled Java code, j=interpreted, Vv=VM code)
J 728  gnu.io.RXTXPort.readByte()I (0 bytes) @ 0x01cc65cf [0x01cc6590+0x3f]
J 726 C1 gnu.io.RXTXPort$SerialInputStream.read()I (167 bytes) @ 0x01cc56e4 [0x01cc5470+0x274]
J 725 C1 panamahitek.Arduino.PanamaHitek_Arduino.receiveData()I (133 bytes) @ 0x01cc4a8e [0x01cc49e0+0xae]
J 724 C1 panamahitek.Arduino.PanamaHitek_Arduino.serialRead()V (83 bytes) @ 0x01cc3f35 [0x01cc3f00+0x35]
J 729 C1 panamahitek.Arduino.PanamaHitek_Arduino.printMessage()Ljava/lang/String; (40 bytes) @ 0x01cc6866 [0x01cc6820+0x46]
J 731 C1 com.app.modelo.arduino.ComunicacionArduino.leerMensaje()Ljava/lang/String; (25 bytes) @ 0x01cc6d14 [0x01cc6ce0+0x34]
j  com.app.controlador.muestreo.MostrarComunicacion.run()V+108
v  ~StubRoutines::call_stub

---------------  P R O C E S S  ---------------

Java Threads: ( => current thread )
=>0x14f39400 JavaThread "Thread-4" [_thread_in_native, id=644, stack(0x14b90000,0x14be0000)]
  0x1516b800 JavaThread "TimerQueue" daemon [_thread_blocked, id=5256, stack(0x196b0000,0x19700000)]
  0x1508b800 JavaThread "Abandoned connection cleanup thread" daemon [_thread_blocked, id=5356, stack(0x185a0000,0x185f0000)]
  0x1504a800 JavaThread "D3D Screen Updater" daemon [_thread_blocked, id=5372, stack(0x17380000,0x173d0000)]
  0x011b4400 JavaThread "DestroyJavaVM" [_thread_blocked, id=4580, stack(0x016b0000,0x01700000)]
  0x14227000 JavaThread "AWT-EventQueue-0" [_thread_blocked, id=3144, stack(0x15390000,0x153e0000)]
  0x1420c000 JavaThread "AWT-Windows" daemon [_thread_in_native, id=988, stack(0x14820000,0x14870000)]
  0x1420b400 JavaThread "AWT-Shutdown" [_thread_blocked, id=5316, stack(0x148c0000,0x14910000)]
  0x14208800 JavaThread "Java2D Disposer" daemon [_thread_blocked, id=5284, stack(0x147b0000,0x14800000)]
  0x140c2000 JavaThread "Service Thread" daemon [_thread_blocked, id=3164, stack(0x143b0000,0x14400000)]
  0x140a1800 JavaThread "C1 CompilerThread0" daemon [_thread_blocked, id=796, stack(0x14620000,0x14670000)]
  0x140b1400 JavaThread "Attach Listener" daemon [_thread_blocked, id=1224, stack(0x14480000,0x144d0000)]
  0x140ae400 JavaThread "Signal Dispatcher" daemon [_thread_blocked, id=676, stack(0x03b20000,0x03b70000)]
  0x1408f400 JavaThread "Finalizer" daemon [_thread_blocked, id=4732, stack(0x03b90000,0x03be0000)]
  0x14069800 JavaThread "Reference Handler" daemon [_thread_blocked, id=5940, stack(0x14360000,0x143b0000)]

Other Threads:
  0x14063400 VMThread [stack: 0x017e0000,0x01830000] [id=4148]
  0x140ac000 WatcherThread [stack: 0x14520000,0x14570000] [id=4676]

VM state:not at safepoint (normal execution)

VM Mutex/Monitor currently owned by a thread: None

Heap:
 def new generation   total 4928K, used 2238K [0x03c00000, 0x04150000, 0x09150000)
  eden space 4416K,  39% used [0x03c00000, 0x03dafbb0, 0x04050000)
  from space 512K, 100% used [0x040d0000, 0x04150000, 0x04150000)
  to   space 512K,   0% used [0x04050000, 0x04050000, 0x040d0000)
 tenured generation   total 10944K, used 5877K [0x09150000, 0x09c00000, 0x13c00000)
   the space 10944K,  53% used [0x09150000, 0x0970d7b0, 0x0970d800, 0x09c00000)
 Metaspace       used 11265K, capacity 11486K, committed 11520K, reserved 11648K

Card table byte_map: [0x01700000,0x01790000] byte_map_base: 0x016e2000

Polling page: 0x00250000

CodeCache: size=32768Kb used=1862Kb max_used=1862Kb free=30905Kb
 bounds [0x01b10000, 0x01ce8000, 0x03b10000]
 total_blobs=1041 nmethods=768 adapters=203
 compilation: enabled

Compilation events (10 events):
Event: 49.375 Thread 0x140a1800  760             java.util.regex.Pattern::unread (11 bytes)
Event: 49.375 Thread 0x140a1800 nmethod 760 0x01cd90c8 code [0x01cd91c0, 0x01cd9240]
Event: 49.375 Thread 0x140a1800  761             java.util.regex.Pattern$Node::match (27 bytes)
Event: 49.375 Thread 0x140a1800 nmethod 761 0x01cd9288 code [0x01cd9380, 0x01cd9430]
Event: 49.976 Thread 0x140a1800  762             sun.misc.FloatingDecimal$ASCIIToBinaryBuffer::doubleValue (1194 bytes)
Event: 49.978 Thread 0x140a1800 nmethod 762 0x01cd9508 code [0x01cd97f0, 0x01cda540]
Event: 50.979 Thread 0x140a1800  763             java.util.regex.Pattern::skip (23 bytes)
Event: 50.980 Thread 0x140a1800 nmethod 763 0x01cdba48 code [0x01cdbb40, 0x01cdbbf0]
Event: 53.788 Thread 0x140a1800  764             java.util.regex.Pattern::sequence (553 bytes)
Event: 53.790 Thread 0x140a1800 nmethod 764 0x01cdbcc8 code [0x01cdbf80, 0x01cdcb2c]

GC Heap History (10 events):
Event: 1.513 GC heap before
{Heap before GC invocations=0 (full 0):
 def new generation   total 4928K, used 4139K [0x03c00000, 0x04150000, 0x09150000)
  eden space 4416K,  93% used [0x03c00000, 0x0400af30, 0x04050000)
  from space 512K,   0% used [0x04050000, 0x04050000, 0x040d0000)
  to   space 512K,   0% used [0x040d0000, 0x040d0000, 0x04150000)
 tenured generation   total 10944K, used 0K [0x09150000, 0x09c00000, 0x13c00000)
   the space 10944K,   0% used [0x09150000, 0x09150000, 0x09150200, 0x09c00000)
 Metaspace       used 6202K, capacity 6397K, committed 6400K, reserved 6528K
Event: 1.523 GC heap after
Heap after GC invocations=1 (full 0):
 def new generation   total 4928K, used 512K [0x03c00000, 0x04150000, 0x09150000)
  eden space 4416K,   0% used [0x03c00000, 0x03c00000, 0x04050000)
  from space 512K, 100% used [0x040d0000, 0x04150000, 0x04150000)
  to   space 512K,   0% used [0x04050000, 0x04050000, 0x040d0000)
 tenured generation   total 10944K, used 1153K [0x09150000, 0x09c00000, 0x13c00000)
   the space 10944K,  10% used [0x09150000, 0x092705e0, 0x09270600, 0x09c00000)
 Metaspace       used 6202K, capacity 6397K, committed 6400K, reserved 6528K
}
Event: 2.196 GC heap before
{Heap before GC invocations=1 (full 0):
 def new generation   total 4928K, used 4904K [0x03c00000, 0x04150000, 0x09150000)
  eden space 4416K,  99% used [0x03c00000, 0x0404a348, 0x04050000)
  from space 512K, 100% used [0x040d0000, 0x04150000, 0x04150000)
  to   space 512K,   0% used [0x04050000, 0x04050000, 0x040d0000)
 tenured generation   total 10944K, used 1153K [0x09150000, 0x09c00000, 0x13c00000)
   the space 10944K,  10% used [0x09150000, 0x092705e0, 0x09270600, 0x09c00000)
 Metaspace       used 7277K, capacity 7463K, committed 7552K, reserved 7552K
Event: 2.203 GC heap after
Heap after GC invocations=2 (full 0):
 def new generation   total 4928K, used 260K [0x03c00000, 0x04150000, 0x09150000)
  eden space 4416K,   0% used [0x03c00000, 0x03c00000, 0x04050000)
  from space 512K,  50% used [0x04050000, 0x040912b0, 0x040d0000)
  to   space 512K,   0% used [0x040d0000, 0x040d0000, 0x04150000)
 tenured generation   total 10944K, used 3368K [0x09150000, 0x09c00000, 0x13c00000)
   the space 10944K,  30% used [0x09150000, 0x0949a260, 0x0949a400, 0x09c00000)
 Metaspace       used 7277K, capacity 7463K, committed 7552K, reserved 7552K
}
Event: 2.954 GC heap before
{Heap before GC invocations=2 (full 0):
 def new generation   total 4928K, used 4659K [0x03c00000, 0x04150000, 0x09150000)
  eden space 4416K,  99% used [0x03c00000, 0x0404bba8, 0x04050000)
  from space 512K,  50% used [0x04050000, 0x040912b0, 0x040d0000)
  to   space 512K,   0% used [0x040d0000, 0x040d0000, 0x04150000)
 tenured generation   total 10944K, used 3368K [0x09150000, 0x09c00000, 0x13c00000)
   the space 10944K,  30% used [0x09150000, 0x0949a260, 0x0949a400, 0x09c00000)
 Metaspace       used 8975K, capacity 9129K, committed 9216K, reserved 9600K
Event: 2.961 GC heap after
Heap after GC invocations=3 (full 0):
 def new generation   total 4928K, used 512K [0x03c00000, 0x04150000, 0x09150000)
  eden space 4416K,   0% used [0x03c00000, 0x03c00000, 0x04050000)
  from space 512K, 100% used [0x040d0000, 0x04150000, 0x04150000)
  to   space 512K,   0% used [0x04050000, 0x04050000, 0x040d0000)
 tenured generation   total 10944K, used 4321K [0x09150000, 0x09c00000, 0x13c00000)
   the space 10944K,  39% used [0x09150000, 0x095885c0, 0x09588600, 0x09c00000)
 Metaspace       used 8975K, capacity 9129K, committed 9216K, reserved 9600K
}
Event: 11.332 GC heap before
{Heap before GC invocations=3 (full 0):
 def new generation   total 4928K, used 4928K [0x03c00000, 0x04150000, 0x09150000)
  eden space 4416K, 100% used [0x03c00000, 0x04050000, 0x04050000)
  from space 512K, 100% used [0x040d0000, 0x04150000, 0x04150000)
  to   space 512K,   0% used [0x04050000, 0x04050000, 0x040d0000)
 tenured generation   total 10944K, used 4321K [0x09150000, 0x09c00000, 0x13c00000)
   the space 10944K,  39% used [0x09150000, 0x095885c0, 0x09588600, 0x09c00000)
 Metaspace       used 10661K, capacity 10840K, committed 10880K, reserved 11648K
Event: 11.340 GC heap after
Heap after GC invocations=4 (full 0):
 def new generation   total 4928K, used 512K [0x03c00000, 0x04150000, 0x09150000)
  eden space 4416K,   0% used [0x03c00000, 0x03c00000, 0x04050000)
  from space 512K, 100% used [0x04050000, 0x040d0000, 0x040d0000)
  to   space 512K,   0% used [0x040d0000, 0x040d0000, 0x04150000)
 tenured generation   total 10944K, used 5068K [0x09150000, 0x09c00000, 0x13c00000)
   the space 10944K,  46% used [0x09150000, 0x09643288, 0x09643400, 0x09c00000)
 Metaspace       used 10661K, capacity 10840K, committed 10880K, reserved 11648K
}
Event: 16.039 GC heap before
{Heap before GC invocations=4 (full 0):
 def new generation   total 4928K, used 4928K [0x03c00000, 0x04150000, 0x09150000)
  eden space 4416K, 100% used [0x03c00000, 0x04050000, 0x04050000)
  from space 512K, 100% used [0x04050000, 0x040d0000, 0x040d0000)
  to   space 512K,   0% used [0x040d0000, 0x040d0000, 0x04150000)
 tenured generation   total 10944K, used 5068K [0x09150000, 0x09c00000, 0x13c00000)
   the space 10944K,  46% used [0x09150000, 0x09643288, 0x09643400, 0x09c00000)
 Metaspace       used 11249K, capacity 11454K, committed 11520K, reserved 11648K
Event: 16.045 GC heap after
Heap after GC invocations=5 (full 0):
 def new generation   total 4928K, used 512K [0x03c00000, 0x04150000, 0x09150000)
  eden space 4416K,   0% used [0x03c00000, 0x03c00000, 0x04050000)
  from space 512K, 100% used [0x040d0000, 0x04150000, 0x04150000)
  to   space 512K,   0% used [0x04050000, 0x04050000, 0x040d0000)
 tenured generation   total 10944K, used 5877K [0x09150000, 0x09c00000, 0x13c00000)
   the space 10944K,  53% used [0x09150000, 0x0970d7b0, 0x0970d800, 0x09c00000)
 Metaspace       used 11249K, capacity 11454K, committed 11520K, reserved 11648K
}

Deoptimization events (0 events):
No events

Internal exceptions (10 events):
Event: 0.734 Thread 0x011b4400 Exception <a 'java/lang/ClassNotFoundException': TreeCell> (0x03eb18f8) thrown at [C:\re\workspace\8-2-build-windows-i586-cygwin\jdk8u101\7261\hotspot\src\share\vm\classfile\systemDictionary.cpp, line 210]
Event: 0.735 Thread 0x011b4400 Exception <a 'java/lang/ClassNotFoundException': RootPane> (0x03eb2270) thrown at [C:\re\workspace\8-2-build-windows-i586-cygwin\jdk8u101\7261\hotspot\src\share\vm\classfile\systemDictionary.cpp, line 210]
Event: 10.480 Thread 0x14227000 Exception <a 'java/io/FileNotFoundException'> (0x03f82788) thrown at [C:\re\workspace\8-2-build-windows-i586-cygwin\jdk8u101\7261\hotspot\src\share\vm\prims\jni.cpp, line 709]
Event: 10.559 Thread 0x14227000 Exception <a 'java/io/FileNotFoundException'> (0x03f94a90) thrown at [C:\re\workspace\8-2-build-windows-i586-cygwin\jdk8u101\7261\hotspot\src\share\vm\prims\jni.cpp, line 709]
Event: 10.561 Thread 0x14227000 Exception <a 'java/io/FileNotFoundException'> (0x03fa1d98) thrown at [C:\re\workspace\8-2-build-windows-i586-cygwin\jdk8u101\7261\hotspot\src\share\vm\prims\jni.cpp, line 709]
Event: 10.640 Thread 0x14227000 Exception <a 'java/io/FileNotFoundException'> (0x03fb3c28) thrown at [C:\re\workspace\8-2-build-windows-i586-cygwin\jdk8u101\7261\hotspot\src\share\vm\prims\jni.cpp, line 709]
Event: 10.643 Thread 0x14227000 Exception <a 'java/io/FileNotFoundException'> (0x03fc28f8) thrown at [C:\re\workspace\8-2-build-windows-i586-cygwin\jdk8u101\7261\hotspot\src\share\vm\prims\jni.cpp, line 709]
Event: 10.721 Thread 0x14227000 Exception <a 'java/io/FileNotFoundException'> (0x03fd4858) thrown at [C:\re\workspace\8-2-build-windows-i586-cygwin\jdk8u101\7261\hotspot\src\share\vm\prims\jni.cpp, line 709]
Event: 14.355 Thread 0x14227000 Exception <a 'java/io/FileNotFoundException'> (0x03d0f090) thrown at [C:\re\workspace\8-2-build-windows-i586-cygwin\jdk8u101\7261\hotspot\src\share\vm\prims\jni.cpp, line 709]
Event: 14.438 Thread 0x14227000 Exception <a 'java/io/FileNotFoundException'> (0x03d20f08) thrown at [C:\re\workspace\8-2-build-windows-i586-cygwin\jdk8u101\7261\hotspot\src\share\vm\prims\jni.cpp, line 709]

Events (10 events):
Event: 16.048 Executing VM operation: BulkRevokeBias done
Event: 16.048 Executing VM operation: RevokeBias
Event: 16.048 Executing VM operation: RevokeBias done
Event: 16.048 Executing VM operation: RevokeBias
Event: 16.048 Executing VM operation: RevokeBias done
Event: 20.256 Executing VM operation: RevokeBias
Event: 20.257 Executing VM operation: RevokeBias done
Event: 27.672 loading class gnu/io/SerialPortEvent
Event: 27.672 loading class gnu/io/SerialPortEvent done
Event: 53.801 Thread 0x14f36800 Thread exited: 0x14f36800


Dynamic libraries:
0x00100000 - 0x00133000 	C:\Program Files\Java\jdk1.8.0_101\bin\java.exe
0x77240000 - 0x77382000 	C:\Windows\SYSTEM32\ntdll.dll
0x76ea0000 - 0x76f75000 	C:\Windows\system32\kernel32.dll
0x75200000 - 0x7524b000 	C:\Windows\system32\KERNELBASE.dll
0x758b0000 - 0x75951000 	C:\Windows\system32\ADVAPI32.dll
0x75800000 - 0x758ac000 	C:\Windows\system32\msvcrt.dll
0x76960000 - 0x76979000 	C:\Windows\SYSTEM32\sechost.dll
0x766a0000 - 0x76742000 	C:\Windows\system32\RPCRT4.dll
0x76890000 - 0x76959000 	C:\Windows\system32\USER32.dll
0x76bf0000 - 0x76c3e000 	C:\Windows\system32\GDI32.dll
0x77470000 - 0x7747a000 	C:\Windows\system32\LPK.dll
0x767f0000 - 0x7688d000 	C:\Windows\system32\USP10.dll
0x73f50000 - 0x740ee000 	C:\Windows\WinSxS\x86_microsoft.windows.common-controls_6595b64144ccf1df_6.0.7601.18837_none_41e855142bd5705d\COMCTL32.dll
0x75960000 - 0x759b7000 	C:\Windows\system32\SHLWAPI.dll
0x75680000 - 0x7569f000 	C:\Windows\system32\IMM32.DLL
0x76f80000 - 0x7704c000 	C:\Windows\system32\MSCTF.dll
0x6d5e0000 - 0x6d69f000 	C:\Program Files\Java\jdk1.8.0_101\jre\bin\msvcr100.dll
0x6cf00000 - 0x6d2cc000 	C:\Program Files\Java\jdk1.8.0_101\jre\bin\client\jvm.dll
0x73820000 - 0x73827000 	C:\Windows\system32\WSOCK32.dll
0x76750000 - 0x76785000 	C:\Windows\system32\WS2_32.dll
0x77480000 - 0x77486000 	C:\Windows\system32\NSI.dll
0x733a0000 - 0x733d2000 	C:\Windows\system32\WINMM.dll
0x744c0000 - 0x744c9000 	C:\Windows\system32\VERSION.dll
0x75670000 - 0x75675000 	C:\Windows\system32\PSAPI.DLL
0x6d7b0000 - 0x6d7bc000 	C:\Program Files\Java\jdk1.8.0_101\jre\bin\verify.dll
0x6d780000 - 0x6d7a1000 	C:\Program Files\Java\jdk1.8.0_101\jre\bin\java.dll
0x6d760000 - 0x6d773000 	C:\Program Files\Java\jdk1.8.0_101\jre\bin\zip.dll
0x759c0000 - 0x7660c000 	C:\Windows\system32\SHELL32.dll
0x756a0000 - 0x757fd000 	C:\Windows\system32\ole32.dll
0x751a0000 - 0x751ab000 	C:\Windows\system32\profapi.dll
0x6d470000 - 0x6d5b5000 	C:\Program Files\Java\jdk1.8.0_101\jre\bin\awt.dll
0x77050000 - 0x770e1000 	C:\Windows\system32\OLEAUT32.dll
0x73dd0000 - 0x73e10000 	C:\Windows\system32\uxtheme.dll
0x73a90000 - 0x73aa3000 	C:\Windows\system32\dwmapi.dll
0x750c0000 - 0x750cc000 	C:\Windows\system32\CRYPTBASE.dll
0x6d3d0000 - 0x6d409000 	C:\Program Files\Java\jdk1.8.0_101\jre\bin\fontmanager.dll
0x51c40000 - 0x51e03000 	C:\Windows\system32\d3d9.dll
0x6b780000 - 0x6b786000 	C:\Windows\system32\d3d8thk.dll
0x69f80000 - 0x6a6d6000 	C:\Windows\system32\nvd3dum.dll
0x734e0000 - 0x73505000 	C:\Windows\system32\powrprof.dll
0x754d0000 - 0x7566d000 	C:\Windows\system32\SETUPAPI.dll
0x753e0000 - 0x75407000 	C:\Windows\system32\CFGMGR32.dll
0x75280000 - 0x75292000 	C:\Windows\system32\DEVOBJ.dll
0x16cb0000 - 0x16dba000 	C:\Windows\system32\nvapi.dll
0x751d0000 - 0x751ff000 	C:\Windows\system32\WINTRUST.dll
0x752a0000 - 0x753c1000 	C:\Windows\system32\CRYPT32.dll
0x751b0000 - 0x751bc000 	C:\Windows\system32\MSASN1.dll
0x6d5c0000 - 0x6d5d6000 	C:\Program Files\Java\jdk1.8.0_101\jre\bin\net.dll
0x74b70000 - 0x74bac000 	C:\Windows\system32\mswsock.dll
0x74b60000 - 0x74b66000 	C:\Windows\System32\wship6.dll
0x6d940000 - 0x6d94f000 	C:\Program Files\Java\jdk1.8.0_101\jre\bin\nio.dll
0x6d390000 - 0x6d3c2000 	C:\Program Files\Java\jdk1.8.0_101\jre\bin\t2k.dll
0x76610000 - 0x76693000 	C:\Windows\system32\CLBCatQ.DLL
0x6d320000 - 0x6d344000 	C:\Program Files\Java\jdk1.8.0_101\jre\bin\dcpr.dll
0x74550000 - 0x74555000 	C:\Windows\System32\wshtcpip.dll
0x74a30000 - 0x74a74000 	C:\Windows\system32\DNSAPI.dll
0x72d50000 - 0x72d6c000 	C:\Windows\system32\IPHLPAPI.DLL
0x72d40000 - 0x72d47000 	C:\Windows\system32\WINNSI.DLL
0x704f0000 - 0x704f6000 	C:\Windows\system32\rasadhlp.dll
0x71710000 - 0x71748000 	C:\Windows\System32\fwpuclnt.dll
0x73920000 - 0x73a51000 	C:\Windows\system32\WindowsCodecs.dll
0x75070000 - 0x750bc000 	C:\Windows\system32\apphelp.dll
0x68880000 - 0x688b8000 	C:\Program Files\Dropbox\Client\DropboxExt.65536.dll
0x69f40000 - 0x69f71000 	C:\Windows\system32\EhStorShell.dll
0x73e10000 - 0x73f05000 	C:\Windows\system32\PROPSYS.dll
0x14420000 - 0x1443f000 	C:\JavaRXTX\x86\rxtxSerial.dll
0x709b0000 - 0x70a9b000 	C:\Windows\system32\dbghelp.dll

VM Arguments:
jvm_args: -Dfile.encoding=UTF-8 
java_command: com.app.vista.ig.Splash
java_class_path (initial): C:\Users\hyper\Documents\NetBeansProjects\ProyectoDeInstrumentacion\lib\PanamaHitek_Arduino.v2.7.0.jar;C:\Program Files\NetBeans 8.1\ide\modules\ext\mysql-connector-java-5.1.23-bin.jar;C:\Users\hyper\Documents\NetBeansProjects\ProyectoDeInstrumentacion\lib\jcommon-1.0.23.jar;C:\Users\hyper\Documents\NetBeansProjects\ProyectoDeInstrumentacion\lib\jfreechart-1.0.19.jar;C:\Users\hyper\Documents\NetBeansProjects\ProyectoDeInstrumentacion\build\classes
Launcher Type: SUN_STANDARD

Environment Variables:
PATH=C:\ProgramData\Oracle\Java\javapath;C:\Windows\system32;C:\Windows;C:\Windows\System32\Wbem;C:\Windows\System32\WindowsPowerShell\v1.0\;C:\Program Files\Git\cmd;C:\Program Files\MySQL\MySQL Fabric 1.5 & MySQL Utilities 1.5\;C:\Program Files\MySQL\MySQL Fabric 1.5 & MySQL Utilities 1.5\Doctrine extensions for PHP\
USERNAME=hyper
OS=Windows_NT
PROCESSOR_IDENTIFIER=x86 Family 16 Model 6 Stepping 2, AuthenticAMD



---------------  S Y S T E M  ---------------

OS: Windows 7 Build 7601 (6.1.7601.23392)

CPU:total 1 (1 cores per cpu, 1 threads per core) family 16 model 6 stepping 2, cmov, cx8, fxsr, mmx, sse, sse2, sse3, popcnt, mmxext, 3dnowpref, lzcnt, sse4a, tsc, tscinvbit, tscinv

Memory: 4k page, physical 1834296k(207276k free), swap 3668592k(1202272k free)

vm_info: Java HotSpot(TM) Client VM (25.101-b13) for windows-x86 JRE (1.8.0_101-b13), built on Jun 22 2016 00:45:44 by "java_re" with MS VC++ 10.0 (VS2010)

time: Fri Sep 30 21:09:56 2016
elapsed time: 54 seconds (0d 0h 0m 54s)

